信長の野望･嵐世記 パワーアップキットを起動します
『信長の野望･嵐世記 パワーアップキット』をお買い上げいただきありがとうございます
 
このファイルはサポート業務をより円滑に行うためのものです
万が一、製品に不具合がございましたら
サポートシートに添えてこのファイルをお送りください
 
E-MAIL : komiyama_a@hotmail.com
USERNAME : 込山明嗣
 
Microsoft Windows 2000 version 5.1 Service Pack 3 (Build 2600)
MEMORY : 1022M
CPU : Pentium 
GenuineIntel
MMX命令を検出しました。
SIMD 拡張命令を検出しました。
11 Family 15 Model 15 Stepping
RDTSC命令が使用できる
1860.477MHz

 
Microsoft : VIA USB エンハンス ホスト コントローラ [5.1.2600.0]
Microsoft : VIA Rev 5 またはそれ以降の USB ユニバーサル ホスト コントローラ [5.1.2600.2180]
Microsoft : VIA Rev 5 またはそれ以降の USB ユニバーサル ホスト コントローラ [5.1.2600.2180]
Microsoft : VIA Rev 5 またはそれ以降の USB ユニバーサル ホスト コントローラ [5.1.2600.2180]
Microsoft : VIA Rev 5 またはそれ以降の USB ユニバーサル ホスト コントローラ [5.1.2600.2180]
Microsoft : USB ルート ハブ [5.1.2600.2180]
Microsoft : USB ルート ハブ [5.1.2600.2180]
Microsoft : USB ルート ハブ [5.1.2600.2180]
Microsoft : USB ルート ハブ [5.1.2600.2180]
Microsoft : USB ルート ハブ [5.1.2600.2180]
Microsoft : USB 大容量記憶装置デバイス [5.1.2600.0]
Microsoft : USB 大容量記憶装置デバイス [5.1.2600.0]
Microsoft : USB 大容量記憶装置デバイス [5.1.2600.0]
Microsoft : USB 大容量記憶装置デバイス [5.1.2600.0]
Microsoft : 汎用 USB ハブ [5.1.2600.0]
Microsoft : USB 大容量記憶装置デバイス [5.1.2600.0]
Microsoft : USB 大容量記憶装置デバイス [5.1.2600.0]
Microsoft : USB 大容量記憶装置デバイス [5.1.2600.0]
Microsoft : USB 大容量記憶装置デバイス [5.1.2600.0]
Microsoft : USB 複合デバイス [5.1.2600.0]
Microsoft : USB 大容量記憶装置デバイス [5.1.2600.0]
Microsoft : USB 印刷サポート [5.1.2600.0]
Microsoft : USB 大容量記憶装置デバイス [5.1.2600.0]
Microsoft : 不明なデバイス [5.1.2600.0]
Microsoft : USB 大容量記憶装置デバイス [5.1.2600.0]
Microsoft : 不明なデバイス [5.1.2600.0]
Microsoft : USB 大容量記憶装置デバイス [5.1.2600.0]
Microsoft : USB 大容量記憶装置デバイス [5.1.2600.0]
MITSUBISHI ELECTRIC CORP. : FOMA D903i [1.0.0.0]
MITSUBISHI ELECTRIC CORP. : FOMA D903i [1.0.0.0]
Microsoft : 不明なデバイス [5.1.2600.0]
Microsoft : USB 大容量記憶装置デバイス [5.1.2600.0]
Microsoft : USB 大容量記憶装置デバイス [5.1.2600.0]
Microsoft : USB 大容量記憶装置デバイス [5.1.2600.0]
Microsoft : 不明なデバイス [5.1.2600.0]
Microsoft : USB 大容量記憶装置デバイス [5.1.2600.0]
Microsoft : 不明なデバイス [5.1.2600.0]
Microsoft : USB 大容量記憶装置デバイス [5.1.2600.0]
Microsoft : USB 大容量記憶装置デバイス [5.1.2600.0]
Microsoft : USB 大容量記憶装置デバイス [5.1.2600.0]
Microsoft : USB 大容量記憶装置デバイス [5.1.2600.0]
Microsoft : USB 大容量記憶装置デバイス [5.1.2600.0]
Microsoft : USB 大容量記憶装置デバイス [5.1.2600.0]
Microsoft : USB 大容量記憶装置デバイス [5.1.2600.0]
Microsoft : USB 大容量記憶装置デバイス [5.1.2600.0]
Microsoft : USB 大容量記憶装置デバイス [5.1.2600.0]
Microsoft : 不明なデバイス [5.1.2600.0]
Microsoft : USB 大容量記憶装置デバイス [5.1.2600.0]
Microsoft : 不明なデバイス [5.1.2600.0]
Microsoft : USB 複合デバイス [5.1.2600.0]
Microsoft : USB 複合デバイス [5.1.2600.0]
Microsoft : USB 複合デバイス [5.1.2600.0]
Microsoft : USB 大容量記憶装置デバイス [5.1.2600.0]
Microsoft : USB 大容量記憶装置デバイス [5.1.2600.0]
Microsoft : USB 大容量記憶装置デバイス [5.1.2600.0]
Microsoft : USB 大容量記憶装置デバイス [5.1.2600.0]
Microsoft : USB 大容量記憶装置デバイス [5.1.2600.0]
Microsoft : 不明なデバイス [5.1.2600.0]
Microsoft : USB 大容量記憶装置デバイス [5.1.2600.0]
Apple, Inc. : Apple Mobile Device USB Driver [6.0.9999.58]
Apple, Inc. : Apple Recovery (iBoot) USB Driver [6.0.9999.45]
Apple, Inc. : Apple Recovery (iBoot) USB Driver [6.0.9999.45]
Microsoft : USB 大容量記憶装置デバイス [5.1.2600.0]
Microsoft : 不明なデバイス [5.1.2600.0]
Microsoft : 汎用 USB ハブ [5.1.2600.0]
Microsoft : 汎用 USB ハブ [5.1.2600.0]
Microsoft : 不明なデバイス [5.1.2600.0]
Apple, Inc. : Apple Recovery (iBoot) USB Driver [6.0.9999.57]
Microsoft : 不明なデバイス [5.1.2600.0]
Microsoft : 不明なデバイス [5.1.2600.0]
Apple, Inc. : Apple Recovery (iBoot) USB Driver [6.0.9999.55]
Microsoft : USB 大容量記憶装置デバイス [5.1.2600.0]
Microsoft : USB 大容量記憶装置デバイス [5.1.2600.0]
Microsoft : USB 大容量記憶装置デバイス [5.1.2600.0]
Apple, Inc. : Apple Mobile Device USB Driver [6.0.9999.57]
Microsoft : USB 大容量記憶装置デバイス [5.1.2600.0]
Apple, Inc. : Apple Mobile Device USB Driver [6.0.9999.55]
Microsoft : 不明なデバイス [5.1.2600.0]
Microsoft : USB 複合デバイス [5.1.2600.0]
Microsoft : USB 複合デバイス [5.1.2600.0]
Microsoft : USB 複合デバイス [5.1.2600.0]
Microsoft : USB 複合デバイス [5.1.2600.0]
Microsoft : USB 複合デバイス [5.1.2600.0]
Apple, Inc. : Apple Recovery (iBoot) USB Driver [6.0.9999.57]
Apple, Inc. : Apple Recovery (iBoot) USB Driver [6.0.9999.58]
Apple, Inc. : Apple Recovery (iBoot) USB Driver [6.0.9999.58]
Apple, Inc. : Apple Mobile Device USB Driver [6.0.9999.58]
Microsoft : CD-ROM ドライブ [5.1.2535.0]
Microsoft : CD-ROM ドライブ [5.1.2535.0]
Microsoft : CD-ROM ドライブ [5.1.2535.0]
Microsoft : CD-ROM ドライブ [5.1.2535.0]
Microsoft : CD-ROM ドライブ [5.1.2535.0]
Microsoft : CD-ROM ドライブ [5.1.2535.0]
Microsoft : CD-ROM ドライブ [5.1.2535.0]
Microsoft : CD-ROM ドライブ [5.1.2535.0]
Microsoft : CD-ROM ドライブ [5.1.2535.0]
Microsoft : CD-ROM ドライブ [5.1.2535.0]
Microsoft : CD-ROM ドライブ [5.1.2535.0]
Microsoft : CD-ROM ドライブ [5.1.2535.0]
Microsoft : CD-ROM ドライブ [5.1.2535.0]
Microsoft : CD-ROM ドライブ [5.1.2535.0]
Microsoft : CD-ROM ドライブ [5.1.2535.0]
Microsoft : CD-ROM ドライブ [5.1.2535.0]
Microsoft : CD-ROM ドライブ [5.1.2535.0]
Microsoft : CD-ROM ドライブ [5.1.2535.0]
Microsoft : CD-ROM ドライブ [5.1.2535.0]
Microsoft : CD-ROM ドライブ [5.1.2535.0]
Microsoft : CD-ROM ドライブ [5.1.2535.0]
Microsoft : CD-ROM ドライブ [5.1.2535.0]
Microsoft : CD-ROM ドライブ [5.1.2535.0]
Microsoft : CD-ROM ドライブ [5.1.2535.0]
Microsoft : CD-ROM ドライブ [5.1.2535.0]
Microsoft : ACPI マルチプロセッサ PC [5.1.2600.0]
Microsoft : ディスク ドライブ [5.1.2535.0]
Microsoft : ディスク ドライブ [5.1.2535.0]
Microsoft : ディスク ドライブ [5.1.2535.0]
Microsoft : ディスク ドライブ [5.1.2535.0]
Microsoft : ディスク ドライブ [5.1.2535.0]
Microsoft : ディスク ドライブ [5.1.2535.0]
Microsoft : ディスク ドライブ [5.1.2535.0]
Microsoft : ディスク ドライブ [5.1.2535.0]
Microsoft : ディスク ドライブ [5.1.2535.0]
Microsoft : ディスク ドライブ [5.1.2535.0]
Microsoft : ディスク ドライブ [5.1.2535.0]
Microsoft : ディスク ドライブ [5.1.2535.0]
Microsoft : ディスク ドライブ [5.1.2535.0]
Microsoft : ディスク ドライブ [5.1.2535.0]
Microsoft : ディスク ドライブ [5.1.2535.0]
Microsoft : ディスク ドライブ [5.1.2535.0]
Microsoft : ディスク ドライブ [5.1.2535.0]
Microsoft : ディスク ドライブ [5.1.2535.0]
Microsoft : ディスク ドライブ [5.1.2535.0]
Microsoft : ディスク ドライブ [5.1.2535.0]
Microsoft : ディスク ドライブ [5.1.2535.0]
Microsoft : ディスク ドライブ [5.1.2535.0]
Microsoft : ディスク ドライブ [5.1.2535.0]
Microsoft : ディスク ドライブ [5.1.2535.0]
Microsoft : ディスク ドライブ [5.1.2535.0]
Microsoft : ディスク ドライブ [5.1.2535.0]
Microsoft : ディスク ドライブ [5.1.2535.0]
Microsoft : ディスク ドライブ [5.1.2535.0]
Microsoft : ディスク ドライブ [5.1.2535.0]
Microsoft : ディスク ドライブ [5.1.2535.0]
Microsoft : ディスク ドライブ [5.1.2535.0]
Microsoft : ディスク ドライブ [5.1.2535.0]
Microsoft : ディスク ドライブ [5.1.2535.0]
Microsoft : ディスク ドライブ [5.1.2535.0]
Microsoft : ディスク ドライブ [5.1.2535.0]
Microsoft : ディスク ドライブ [5.1.2535.0]
Microsoft : ディスク ドライブ [5.1.2535.0]
Microsoft : ディスク ドライブ [5.1.2535.0]
Microsoft : ディスク ドライブ [5.1.2535.0]
Microsoft : ディスク ドライブ [5.1.2535.0]
Microsoft : ディスク ドライブ [5.1.2535.0]
NVIDIA : NVIDIA GeForce 7600 GS  [6.14.11.7813]
NVIDIA : NVIDIA GeForce 7600 GS  [6.14.11.7813]
NVIDIA : NVIDIA GeForce 7600 GS  [6.14.11.7813]
NVIDIA : NVIDIA GeForce 7600 GS  [6.14.11.7813]
Microsoft : 標準フロッピー ディスク コントローラ [5.1.2600.0]
Microsoft : 標準デュアル チャネル PCI IDE コントローラ [5.1.2600.2180]
Microsoft : VIA Bus Master IDE Controller [5.1.2600.2180]
Microsoft : セカンダリ IDE チャネル [5.1.2600.2180]
Microsoft : プライマリ IDE チャネル [5.1.2600.2180]
Microsoft : プライマリ IDE チャネル [5.1.2600.2180]
Microsoft : セカンダリ IDE チャネル [5.1.2600.2180]
Microsoft : セカンダリ IDE チャネル [5.1.2600.2180]
Microsoft : プライマリ IDE チャネル [5.1.2600.2180]
Microsoft : 101/102 英語キーボードまたは Microsoft Natural PS/2 キーボード [5.1.2600.5512]
Microsoft : HID キーボード デバイス [5.1.2600.5512]
Microsoft : HID キーボード デバイス [5.1.2600.5512]
Microsoft : HID キーボード デバイス [5.1.2600.5512]
Microsoft : メディア コントロール デバイス [5.1.2535.0]
Microsoft : ビデオ CODEC [5.1.2535.0]
Microsoft : オーディオ CODEC [5.1.2535.0]
Microsoft : レガシ ビデオ キャプチャ デバイス [5.1.2535.0]
Microsoft : レガシ オーディオ ドライバ [5.1.2535.0]
AnalogDevices : SoundMAX Integrated Digital HD Audio [5.10.1.4151]
AnalogDevices : SoundMAX Integrated Digital HD Audio [5.10.1.4151]
AnalogDevices : SoundMAX Integrated Digital HD Audio [5.10.1.4151]
AnalogDevices : SoundMAX Integrated Digital HD Audio [5.10.1.4151]
AnalogDevices : SoundMAX Integrated Digital HD Audio [5.10.1.4151]
AnalogDevices : SoundMAX Integrated Digital HD Audio [5.10.1.4151]
AnalogDevices : SoundMAX Integrated Digital HD Audio [5.10.1.4151]
Microsoft : Microsoft Streaming Clock Proxy [5.1.2600.2180]
Microsoft : Microsoft Streaming Quality Manager Proxy [5.1.2600.2180]
Microsoft : Microsoft Streaming Service Proxy [5.1.2600.2180]
Microsoft : Microsoft Kernel System Audio Device [5.1.2535.0]
Microsoft : Microsoft Kernel DRM Audio Descrambler [5.1.2535.0]
Microsoft : Microsoft Kernel Wave Audio Mixer [5.1.2535.0]
Microsoft : Microsoft Kernel Acoustic Echo Canceller [5.1.2535.0]
Microsoft : Microsoft Kernel GS Wavetable Synthesizer [5.1.2535.0]
Microsoft : Microsoft Kernel DLS Synthesizer [5.1.2535.0]
Microsoft : Microsoft WINMM WDM Audio Compatibility Driver [5.1.2535.0]
Microsoft : Microsoft Kernel Audio Splitter [5.1.2535.0]
AnalogDevices : SoundMAX Integrated Digital HD Audio [5.10.1.4151]
AnalogDevices : SoundMAX Integrated Digital HD Audio [5.10.1.4151]
AnalogDevices : SoundMAX Integrated Digital HD Audio [5.10.1.4151]
AnalogDevices : SoundMAX Integrated Digital HD Audio [5.10.1.4151]
AnalogDevices : SoundMAX Integrated Digital HD Audio [5.10.1.4151]
AnalogDevices : SoundMAX Integrated Digital HD Audio [5.10.1.4151]
AnalogDevices : SoundMAX Integrated Digital HD Audio [5.10.1.4151]
VIA - IC Ensemble, Inc. : Envy24 Family Audio Controller WDM [5.12.1.3650]
VIA - IC Ensemble, Inc. : Envy24 Family Audio Controller WDM [5.12.1.3650]
VIA - IC Ensemble, Inc. : Envy24 Family Audio Controller WDM [5.12.1.3650]
VIA - IC Ensemble, Inc. : Envy24 Family Audio Controller WDM [5.12.1.3650]
BUFFALO INC. : BUFFALO PC-MV5xDX/U2 Series Video Capture [2.0.1.6]
BUFFALO INC. : BUFFALO PC-MV5xDX/U2 Series Video Capture [2.0.1.6]
BUFFALO INC. : BUFFALO PC-MV5xDX/U2 Series Video Capture [2.0.1.6]
Microsoft : クローズド キャプション デコーダ [5.1.2535.0]
Microsoft : NABTS/FEC VBI Codec [5.1.2600.2180]
Microsoft : World Standard Teletext Codec [5.1.2600.2180]
Microsoft : BDA Slip De-Framer [5.1.2600.2180]
Microsoft : BDA IPSink
Microsoft : Microsoft Streaming Tee/Sink-to-Sink Converter [5.1.2600.2180]
Microsoft : Microsoft Streaming Tee/Sink-to-Sink Converter [5.1.2600.2180]
MITSUBISHI ELECTRIC CORP. : FOMA D903i [1.0.0.0]
MITSUBISHI ELECTRIC CORP. : FOMA D903i [1.0.0.0]
MITSUBISHI ELECTRIC CORP. : FOMA D903i [1.0.0.0]
MITSUBISHI ELECTRIC CORP. : FOMA D903i [1.0.0.0]
MITSUBISHI ELECTRIC CORP. : FOMA D903i [1.0.0.0]
MITSUBISHI ELECTRIC CORP. : FOMA D903i [1.0.0.0]
MITSUBISHI ELECTRIC CORP. : FOMA D903i [1.0.0.0]
Microsoft : (既定のモニタ) [5.1.2001.0]
Microsoft : (既定のモニタ) [5.1.2001.0]
Microsoft : プラグ アンド プレイ モニタ [5.1.2001.0]
Microsoft : プラグ アンド プレイ モニタ [5.1.2001.0]
Microsoft : プラグ アンド プレイ モニタ [5.1.2001.0]
Microsoft : プラグ アンド プレイ モニタ [5.1.2001.0]
Microsoft : HID 準拠マウス [5.1.2600.0]
Microsoft : HID 準拠マウス [5.1.2600.0]
Microsoft : Microsoft USB IntelliMouse Explorer [5.1.2600.0]
Microsoft : Microsoft USB IntelliMouse Explorer [5.1.2600.0]
Microsoft : Microsoft USB IntelliMouse Explorer [5.1.2600.0]
Microsoft : Microsoft USB IntelliMouse Explorer [5.1.2600.0]
Microsoft : Microsoft USB IntelliMouse Explorer [5.1.2600.0]
Microsoft : HID 準拠マウス [5.1.2600.0]
Microsoft : HID 準拠マウス [5.1.2600.0]
Microsoft : HID 準拠マウス [5.1.2600.0]
Microsoft : HID 準拠マウス [5.1.2600.0]
Microsoft : HID 準拠マウス [5.1.2600.0]
Microsoft : HID 準拠マウス [5.1.2600.0]
Microsoft : HID 準拠マウス [5.1.2600.0]
VIA : VIA Rhine II Fast Ethernet Adapter [3.53.0.438]
VIA : VIA Rhine II Fast Ethernet Adapter [3.53.0.438]
VIA : VIA Rhine II Fast Ethernet Adapter [3.53.0.438]
Microsoft : RAS 非同期アダプタ [5.1.2535.0]
Microsoft : RAS 非同期アダプタ [5.1.2535.0]
Microsoft : RAS 非同期アダプタ [5.1.2535.0]
Microsoft : パケット スケジューラ ミニポート [5.1.2535.0]
Microsoft : パケット スケジューラ ミニポート [5.1.2535.0]
Microsoft : WAN ミニポート (L2TP) [5.1.2535.0]
Microsoft : WAN ミニポート (L2TP) [5.1.2535.0]
Microsoft : WAN ミニポート (L2TP) [5.1.2535.0]
Microsoft : WAN ミニポート (PPTP) [5.1.2535.0]
Microsoft : WAN ミニポート (PPTP) [5.1.2535.0]
Microsoft : WAN ミニポート (PPTP) [5.1.2535.0]
Microsoft : WAN ミニポート (PPPOE) [5.1.2535.0]
Microsoft : WAN ミニポート (PPPOE) [5.1.2535.0]
Microsoft : WAN ミニポート (PPPOE) [5.1.2535.0]
Microsoft : 直接パラレル [5.1.2535.0]
Microsoft : 直接パラレル [5.1.2535.0]
Microsoft : 直接パラレル [5.1.2535.0]
Microsoft : WAN ミニポート (IP) [5.1.2535.0]
Microsoft : WAN ミニポート (IP) [5.1.2535.0]
Microsoft : WAN ミニポート (IP) [5.1.2535.0]
Microsoft : パケット スケジューラ ミニポート [5.1.2535.0]
Microsoft : パケット スケジューラ ミニポート [5.1.2535.0]
Microsoft : WAN ミニポート (ネットワーク モニタ) [5.1.2535.0]
Microsoft : WAN ミニポート (ネットワーク モニタ) [5.1.2535.0]
Microsoft : WAN ミニポート (ネットワーク モニタ) [5.1.2535.0]
Microsoft : パケット スケジューラ ミニポート [5.1.2535.0]
Microsoft : パケット スケジューラ ミニポート [5.1.2535.0]
Microsoft : Microsoft TV/ビデオ接続 [5.1.2600.2180]
Microsoft : Microsoft TV/ビデオ接続 [5.1.2600.2180]
Microsoft : Microsoft TV/ビデオ接続 [5.1.2600.2180]
Microsoft : Microsoft TV/ビデオ接続 [5.1.2600.2180]
McAfee : McAfee Core NDIS Intermediate Filter Miniport [14.2.0.0]
McAfee : McAfee Core NDIS Intermediate Filter Miniport [14.2.0.0]
McAfee : McAfee Core NDIS Intermediate Filter Miniport [14.2.0.0]
McAfee : McAfee Core NDIS Intermediate Filter Miniport [14.2.0.0]
McAfee : McAfee Core NDIS Intermediate Filter Miniport [14.2.0.0]
McAfee : McAfee Core NDIS Intermediate Filter Miniport [14.2.0.0]
McAfee : McAfee Core NDIS Intermediate Filter Miniport [14.2.0.0]
McAfee : McAfee Core NDIS Intermediate Filter Miniport [14.2.0.0]
McAfee : McAfee Core NDIS Intermediate Filter Miniport [14.2.0.0]
Microsoft : Bluetooth Device (RFCOMM Protocol TDI) [5.1.2600.5512]
Microsoft : Bluetooth Device (RFCOMM Protocol TDI) [5.1.2600.5512]
Microsoft : Bluetooth デバイス (パーソナル エリア ネットワーク) [5.1.2535.0]
Microsoft : Bluetooth デバイス (パーソナル エリア ネットワーク) [5.1.2535.0]
Microsoft : Bluetooth デバイス (パーソナル エリア ネットワーク) [5.1.2535.0]
Friendly Technologies : PPPoEWin Miniport [4.0.0.0]
Friendly Technologies : PPPoEWin Miniport [4.0.0.0]
Friendly Technologies : PPPoEWin Miniport [4.0.0.0]
Logitec Corporation : Logitec LAN-W150N/U2 Wireless LAN Adapter [1.4.9.0]
Logitec Corporation : Logitec LAN-W150N/U2 Wireless LAN Adapter [1.4.9.0]
Logitec Corporation : Logitec LAN-W150N/U2 Wireless LAN Adapter [1.4.9.0]
Logitec Corporation : Logitec LAN-W150N/U2 Wireless LAN Adapter [1.4.9.0]
Logitec Corporation : Logitec LAN-W150N/U2 Wireless LAN Adapter [1.4.9.0]
Logitec Corporation : Logitec LAN-W150N/U2 Wireless LAN Adapter [1.4.9.0]
Logitec Corporation : Logitec LAN-W150N/U2 Wireless LAN Adapter [1.4.9.0]
McAfee : McAfee Core NDIS Intermediate Filter Miniport [14.2.0.0]
McAfee : McAfee Core NDIS Intermediate Filter Miniport [14.2.0.0]
McAfee : McAfee Core NDIS Intermediate Filter Miniport [14.2.0.0]
Microsoft : パケット スケジューラ ミニポート [5.1.2535.0]
Microsoft : パケット スケジューラ ミニポート [5.1.2535.0]
Microsoft : 通信ポート [5.1.2600.0]
Microsoft : ECP プリンタ ポート [5.1.2600.0]
MITSUBISHI ELECTRIC CORP. : FOMA D903i OBEX Port [1.0.0.0]
MITSUBISHI ELECTRIC CORP. : FOMA D903i Command Port [1.0.0.0]
EPSON : EPSON PM-D870 [6.1.0.0]
JMicron Technology Corp. : JMicron JMB36X RAID Controller [1.9.4.0]
Microsoft : コンソールのための全画面ビデオ ドライバ [5.1.2535.0]
Microsoft : ボリューム マネージャ [5.1.2600.2180]
Microsoft : プラグ アンド プレイ ソフトウェア デバイス列挙子 [5.1.2600.2180]
Microsoft : Microcode Update Device [5.1.2600.2180]
Microsoft : Microsoft System Management BIOS Driver [5.1.2600.2180]
Microsoft : 論理ディスク マネージャ [5.1.2600.2180]
Microsoft : Microsoft ACPI-Compliant System [5.1.2535.0]
Microsoft : ACPI 電源ボタン [5.1.2600.2180]
Microsoft : ACPI ファン
Microsoft : ACPI スリープ ボタン [5.1.2600.2180]
Microsoft : ACPI 温度管理ゾーン [5.1.2600.2180]
Microsoft : ACPI Fixed Feature ボタン [5.1.2600.2180]
Microsoft : システム ボード [5.1.2600.2180]
Microsoft : PCI バス
Microsoft : システム スピーカー [5.1.2600.2180]
VIA Technologies, Inc. : VIA PCI to PCI Bridge Controller [5.1.0.270]
Microsoft : VIA CPU to AGP Controller [5.1.2535.0]
VIA Technologies, Inc. : VIA PCI to PCI Bridge Controller [5.1.0.270]
VIA Technologies, Inc. : VIA Standard Host Bridge [5.1.0.270]
VIA Technologies, Inc. : VIA Security Device [5.1.0.270]
VIA Technologies, Inc. : VIA Standard Host Bridge [5.1.0.270]
VIA Technologies, Inc. : VIA Standard Host Bridge [5.1.0.270]
VIA Technologies, Inc. : VIA Standard PCI to ISA Bridge [5.1.0.270]
VIA Technologies, Inc. : VIA Standard Host Bridge [5.1.0.270]
Microsoft : システム CMOS/リアル タイム クロック [5.1.2600.2180]
VIA Technologies, Inc. : VIA Ultra VLINK Controller [5.1.0.270]
VIA Technologies, Inc. : VIA Standard Host Bridge [5.1.0.270]
VIA Technologies, Inc. : VIA Standard Host Bridge [5.1.0.270]
VIA Technologies, Inc. : VIA Standard Host Bridge [5.1.0.270]
Microsoft : マザーボード リソース [5.1.2600.2180]
Microsoft : マザーボード リソース [5.1.2600.2180]
Microsoft : マザーボード リソース [5.1.2600.2180]
Microsoft : DMA コントローラ [5.1.2600.2180]
Microsoft : システム タイマ [5.1.2600.2180]
Microsoft : プログラム可能割り込みコントローラ [5.1.2600.2180]
Microsoft : 数値データ プロセッサ [5.1.2600.2180]
Microsoft : マザーボード リソース [5.1.2600.2180]
Microsoft : ISAPNP 読み取りデータ ポート [5.1.2600.2180]
Microsoft : Printer Port Logical Interface [5.1.2600.2180]
Microsoft : ターミナル サーバー デバイス リダイレクタ [5.1.2600.2180]
Microsoft : ターミナル サーバー マウス ドライバ [5.1.2600.2180]
Microsoft : ターミナル サーバー キーボード ドライバ [5.1.2600.2180]
VIA Technologies, Inc. : VIA I/O APIC Interrupt Controller [5.1.0.270]
Microsoft : Microsoft UAA バス ドライバ (High Definition Audio 用) [5.10.0.5010]
Microsoft : Microsoft UAA バス ドライバ (High Definition Audio 用) [5.10.0.5010]
ATK : ATK0110 ACPI UTILITY [1043.2.15.37]
Microsoft : PCI バス
Microsoft : マザーボード リソース [5.1.2600.2180]
Microsoft : Microsoft UAA バス ドライバ (High Definition Audio 用) [5.10.0.5010]
Microsoft : Microsoft UAA バス ドライバ (High Definition Audio 用) [5.10.0.5010]
VIA Technologies, Inc. : VIA Standard PCI to PCI Bridge [5.1.0.270]
Microsoft : 拡張 IO バス
DT Soft Ltd : DAEMON Tools Virtual Bus [4.41.3.256]
Microsoft : フロッピー ディスク ドライブ [5.1.2600.0]
Microsoft : USB フロッピー ディスク ドライブ [5.1.2600.0]
Microsoft : USB フロッピー ディスク ドライブ [5.1.2600.0]
Microsoft : USB フロッピー ディスク ドライブ [5.1.2600.0]
Microsoft : USB フロッピー ディスク ドライブ [5.1.2600.0]
Microsoft : Intel Processor [5.1.2600.0]
Microsoft : Intel Processor [5.1.2600.0]
Microsoft : Apple iPhone [5.1.2600.0]
Microsoft : Apple iPhone [5.1.2600.0]
Microsoft : Apple iPhone [5.1.2600.0]
Microsoft : 汎用ボリューム [5.1.2600.0]
Microsoft : 汎用ボリューム [5.1.2600.0]
Microsoft : 汎用ボリューム [5.1.2600.0]
Microsoft : 汎用ボリューム [5.1.2600.0]
Microsoft : 汎用ボリューム [5.1.2600.0]
Microsoft : 汎用ボリューム [5.1.2600.0]
Microsoft : 汎用ボリューム [5.1.2600.0]
Microsoft : 汎用ボリューム [5.1.2600.0]
Microsoft : 汎用ボリューム [5.1.2600.0]
Microsoft : 汎用ボリューム [5.1.2600.0]
Microsoft : 汎用ボリューム [5.1.2600.0]
Microsoft : 汎用ボリューム [5.1.2600.0]
Microsoft : 汎用ボリューム [5.1.2600.0]
Microsoft : 汎用ボリューム [5.1.2600.0]
Microsoft : 汎用ボリューム [5.1.2600.0]
Microsoft : 汎用ボリューム [5.1.2600.0]
Microsoft : 汎用ボリューム [5.1.2600.0]
Microsoft : 汎用ボリューム [5.1.2600.0]
Microsoft : 汎用ボリューム [5.1.2600.0]
Microsoft : 汎用ボリューム [5.1.2600.0]
Microsoft : 汎用ボリューム [5.1.2600.0]
Microsoft : 汎用ボリューム [5.1.2600.0]
Microsoft : 汎用ボリューム [5.1.2600.0]
Microsoft : 汎用ボリューム [5.1.2600.0]
Microsoft : 汎用ボリューム [5.1.2600.0]
Microsoft : 汎用ボリューム [5.1.2600.0]
Microsoft : 汎用ボリューム [5.1.2600.0]
Microsoft : 汎用ボリューム [5.1.2600.0]
Microsoft : 汎用ボリューム [5.1.2600.0]
Microsoft : 汎用ボリューム [5.1.2600.0]
Microsoft : 汎用ボリューム [5.1.2600.0]
Microsoft : 汎用ボリューム [5.1.2600.0]
Microsoft : 汎用ボリューム [5.1.2600.0]
Microsoft : 汎用ボリューム [5.1.2600.0]
Microsoft : 汎用ボリューム [5.1.2600.0]
Microsoft : 汎用ボリューム [5.1.2600.0]
Microsoft : 汎用ボリューム [5.1.2600.0]
Microsoft : 汎用ボリューム [5.1.2600.0]
Microsoft : 汎用ボリューム [5.1.2600.0]
Microsoft : 汎用ボリューム [5.1.2600.0]
Microsoft : 汎用ボリューム [5.1.2600.0]
Microsoft : 汎用ボリューム [5.1.2600.0]
Microsoft : 汎用ボリューム [5.1.2600.0]
Microsoft : 汎用ボリューム [5.1.2600.0]
Microsoft : 汎用ボリューム [5.1.2600.0]
Microsoft : 汎用ボリューム [5.1.2600.0]
Microsoft : USB ヒューマン インターフェイス デバイス [5.1.2535.0]
Microsoft : Microsoft USB IntelliMouse Explorer [5.1.2600.5512]
Microsoft : Microsoft USB IntelliMouse Explorer [5.1.2600.5512]
Microsoft : Microsoft USB IntelliMouse Explorer [5.1.2600.5512]
Microsoft : Microsoft USB IntelliMouse Explorer [5.1.2600.5512]
Microsoft : Microsoft USB IntelliMouse Explorer [5.1.2600.5512]
Microsoft : USB ヒューマン インターフェイス デバイス [5.1.2600.5512]
Microsoft : USB ヒューマン インターフェイス デバイス [5.1.2600.5512]
Microsoft : HID 準拠コンシューマ制御デバイス [5.1.2600.5512]
Microsoft : HID 準拠デバイス [5.1.2600.5512]
Microsoft : HID 準拠デバイス [5.1.2600.5512]
Microsoft : USB ヒューマン インターフェイス デバイス [5.1.2600.5512]
Microsoft : USB ヒューマン インターフェイス デバイス [5.1.2600.5512]
Microsoft : HID 準拠コンシューマ制御デバイス [5.1.2600.5512]
Microsoft : HID 準拠デバイス [5.1.2600.5512]
Microsoft : HID 準拠デバイス [5.1.2600.5512]
Microsoft : USB ヒューマン インターフェイス デバイス [5.1.2600.5512]
Microsoft : USB ヒューマン インターフェイス デバイス [5.1.2600.5512]
Microsoft : HID 準拠コンシューマ制御デバイス [5.1.2600.5512]
Microsoft : HID 準拠デバイス [5.1.2600.5512]
Microsoft : HID 準拠デバイス [5.1.2600.5512]
Microsoft : USB ヒューマン インターフェイス デバイス [5.1.2600.5512]
Microsoft : USB ヒューマン インターフェイス デバイス [5.1.2600.5512]
Microsoft : USB ヒューマン インターフェイス デバイス [5.1.2600.5512]
Microsoft : HID 準拠デバイス [5.1.2600.5512]
Microsoft :  [5.1.2600.5512]
Microsoft : USB ヒューマン インターフェイス デバイス [5.1.2600.5512]
Microsoft : USB ヒューマン インターフェイス デバイス [5.1.2600.5512]
Microsoft : USB ヒューマン インターフェイス デバイス [5.1.2600.5512]
Microsoft : USB ヒューマン インターフェイス デバイス [5.1.2600.5512]
Microsoft : USB ヒューマン インターフェイス デバイス [5.1.2600.5512]
Microsoft : HID 準拠コンシューマ制御デバイス [5.1.2600.5512]
Microsoft : HID 準拠デバイス [5.1.2600.5512]
Microsoft : HID 準拠デバイス [5.1.2600.5512]
Microsoft : USB ヒューマン インターフェイス デバイス [5.1.2600.5512]
Microsoft : USB ヒューマン インターフェイス デバイス [5.1.2600.5512]
Microsoft : USB ヒューマン インターフェイス デバイス [5.1.2600.5512]
Microsoft : HID 準拠コンシューマ制御デバイス [5.1.2600.5512]
Microsoft : HID 準拠デバイス [5.1.2600.5512]
Microsoft : HID 準拠デバイス [5.1.2600.5512]
Microsoft : HID 準拠デバイス [5.1.2600.5512]
Microsoft : HID 準拠デバイス [5.1.2600.5512]
Microsoft : HID 準拠デバイス [5.1.2600.5512]
Microsoft : USB ヒューマン インターフェイス デバイス [5.1.2600.5512]
Microsoft : USB ヒューマン インターフェイス デバイス [5.1.2600.5512]
Microsoft : HID 準拠コンシューマ制御デバイス [5.1.2600.5512]
Microsoft : HID 準拠デバイス [5.1.2600.5512]
Microsoft : HID 準拠デバイス [5.1.2600.5512]
Microsoft : USB ヒューマン インターフェイス デバイス [5.1.2600.5512]
Microsoft : USB ヒューマン インターフェイス デバイス [5.1.2600.5512]
Microsoft : USB ヒューマン インターフェイス デバイス [5.1.2600.5512]
Microsoft : HID 準拠コンシューマ制御デバイス [5.1.2600.5512]
Microsoft : HID 準拠デバイス [5.1.2600.5512]
Microsoft : HID 準拠デバイス [5.1.2600.5512]
Microsoft : HID 準拠デバイス [5.1.2600.5512]
Microsoft : HID 準拠デバイス [5.1.2600.5512]
Microsoft : HID 準拠デバイス [5.1.2600.5512]
Microsoft : USB ヒューマン インターフェイス デバイス [5.1.2600.5512]
Microsoft : USB ヒューマン インターフェイス デバイス [5.1.2600.5512]
Microsoft : USB ヒューマン インターフェイス デバイス [5.1.2600.5512]
Microsoft : HID 準拠コンシューマ制御デバイス [5.1.2600.5512]
Microsoft : HID 準拠デバイス [5.1.2600.5512]
Microsoft : HID 準拠デバイス [5.1.2600.5512]
Microsoft : HID 準拠デバイス [5.1.2600.5512]
Microsoft : HID 準拠デバイス [5.1.2600.5512]
Microsoft : HID 準拠デバイス [5.1.2600.5512]
IVT : Bluetooth HID Manager [6.0.12.56]
IVT Corporation : Bluetooth HID Enum Device [6.0.12.56]
Microsoft : Microsoft Bluetooth Enumerator [5.1.2600.5512]
Microsoft : MTP Device
Microsoft : VIA USB エンハンス ホスト コントローラ [5.1.2600.0]
Microsoft : VIA Rev 5 またはそれ以降の USB ユニバーサル ホスト コントローラ [5.1.2600.2180]
Microsoft : VIA Rev 5 またはそれ以降の USB ユニバーサル ホスト コントローラ [5.1.2600.2180]
Microsoft : VIA Rev 5 またはそれ以降の USB ユニバーサル ホスト コントローラ [5.1.2600.2180]
Microsoft : VIA Rev 5 またはそれ以降の USB ユニバーサル ホスト コントローラ [5.1.2600.2180]
Microsoft : USB ルート ハブ [5.1.2600.2180]
Microsoft : USB ルート ハブ [5.1.2600.2180]
Microsoft : USB ルート ハブ [5.1.2600.2180]
Microsoft : USB ルート ハブ [5.1.2600.2180]
Microsoft : USB ルート ハブ [5.1.2600.2180]
Microsoft : USB 大容量記憶装置デバイス [5.1.2600.0]
Microsoft : USB 大容量記憶装置デバイス [5.1.2600.0]
Microsoft : USB 大容量記憶装置デバイス [5.1.2600.0]
Microsoft : USB 大容量記憶装置デバイス [5.1.2600.0]
Microsoft : 汎用 USB ハブ [5.1.2600.0]
Microsoft : USB 大容量記憶装置デバイス [5.1.2600.0]
Microsoft : USB 大容量記憶装置デバイス [5.1.2600.0]
Microsoft : USB 大容量記憶装置デバイス [5.1.2600.0]
Microsoft : USB 大容量記憶装置デバイス [5.1.2600.0]
Microsoft : USB 複合デバイス [5.1.2600.0]
Microsoft : USB 大容量記憶装置デバイス [5.1.2600.0]
Microsoft : USB 印刷サポート [5.1.2600.0]
Microsoft : USB 大容量記憶装置デバイス [5.1.2600.0]
Microsoft : 不明なデバイス [5.1.2600.0]
Microsoft : USB 大容量記憶装置デバイス [5.1.2600.0]
Microsoft : 不明なデバイス [5.1.2600.0]
Microsoft : USB 大容量記憶装置デバイス [5.1.2600.0]
Microsoft : USB 大容量記憶装置デバイス [5.1.2600.0]
MITSUBISHI ELECTRIC CORP. : FOMA D903i [1.0.0.0]
MITSUBISHI ELECTRIC CORP. : FOMA D903i [1.0.0.0]
Microsoft : 不明なデバイス [5.1.2600.0]
Microsoft : USB 大容量記憶装置デバイス [5.1.2600.0]
Microsoft : USB 大容量記憶装置デバイス [5.1.2600.0]
Microsoft : USB 大容量記憶装置デバイス [5.1.2600.0]
Microsoft : 不明なデバイス [5.1.2600.0]
Microsoft : USB 大容量記憶装置デバイス [5.1.2600.0]
Microsoft : 不明なデバイス [5.1.2600.0]
Microsoft : USB 大容量記憶装置デバイス [5.1.2600.0]
Microsoft : USB 大容量記憶装置デバイス [5.1.2600.0]
Microsoft : USB 大容量記憶装置デバイス [5.1.2600.0]
Microsoft : USB 大容量記憶装置デバイス [5.1.2600.0]
Microsoft : USB 大容量記憶装置デバイス [5.1.2600.0]
Microsoft : USB 大容量記憶装置デバイス [5.1.2600.0]
Microsoft : USB 大容量記憶装置デバイス [5.1.2600.0]
Microsoft : USB 大容量記憶装置デバイス [5.1.2600.0]
Microsoft : USB 大容量記憶装置デバイス [5.1.2600.0]
Microsoft : 不明なデバイス [5.1.2600.0]
Microsoft : USB 大容量記憶装置デバイス [5.1.2600.0]
Microsoft : 不明なデバイス [5.1.2600.0]
Microsoft : USB 複合デバイス [5.1.2600.0]
Microsoft : USB 複合デバイス [5.1.2600.0]
Microsoft : USB 複合デバイス [5.1.2600.0]
Microsoft : USB 大容量記憶装置デバイス [5.1.2600.0]
Microsoft : USB 大容量記憶装置デバイス [5.1.2600.0]
Microsoft : USB 大容量記憶装置デバイス [5.1.2600.0]
Microsoft : USB 大容量記憶装置デバイス [5.1.2600.0]
Microsoft : USB 大容量記憶装置デバイス [5.1.2600.0]
Microsoft : 不明なデバイス [5.1.2600.0]
Microsoft : USB 大容量記憶装置デバイス [5.1.2600.0]
Apple, Inc. : Apple Mobile Device USB Driver [6.0.9999.58]
Apple, Inc. : Apple Recovery (iBoot) USB Driver [6.0.9999.45]
Apple, Inc. : Apple Recovery (iBoot) USB Driver [6.0.9999.45]
Microsoft : USB 大容量記憶装置デバイス [5.1.2600.0]
Microsoft : 不明なデバイス [5.1.2600.0]
Microsoft : 汎用 USB ハブ [5.1.2600.0]
Microsoft : 汎用 USB ハブ [5.1.2600.0]
Microsoft : 不明なデバイス [5.1.2600.0]
Apple, Inc. : Apple Recovery (iBoot) USB Driver [6.0.9999.57]
Microsoft : 不明なデバイス [5.1.2600.0]
Microsoft : 不明なデバイス [5.1.2600.0]
Apple, Inc. : Apple Recovery (iBoot) USB Driver [6.0.9999.55]
Microsoft : USB 大容量記憶装置デバイス [5.1.2600.0]
Microsoft : USB 大容量記憶装置デバイス [5.1.2600.0]
Microsoft : USB 大容量記憶装置デバイス [5.1.2600.0]
Apple, Inc. : Apple Mobile Device USB Driver [6.0.9999.57]
Microsoft : USB 大容量記憶装置デバイス [5.1.2600.0]
Apple, Inc. : Apple Mobile Device USB Driver [6.0.9999.55]
Microsoft : 不明なデバイス [5.1.2600.0]
Microsoft : USB 複合デバイス [5.1.2600.0]
Microsoft : USB 複合デバイス [5.1.2600.0]
Microsoft : USB 複合デバイス [5.1.2600.0]
Microsoft : USB 複合デバイス [5.1.2600.0]
Microsoft : USB 複合デバイス [5.1.2600.0]
Apple, Inc. : Apple Recovery (iBoot) USB Driver [6.0.9999.57]
Apple, Inc. : Apple Recovery (iBoot) USB Driver [6.0.9999.58]
Apple, Inc. : Apple Recovery (iBoot) USB Driver [6.0.9999.58]
Apple, Inc. : Apple Mobile Device USB Driver [6.0.9999.58]
Microsoft : CD-ROM ドライブ [5.1.2535.0]
Microsoft : CD-ROM ドライブ [5.1.2535.0]
Microsoft : CD-ROM ドライブ [5.1.2535.0]
Microsoft : CD-ROM ドライブ [5.1.2535.0]
Microsoft : CD-ROM ドライブ [5.1.2535.0]
Microsoft : CD-ROM ドライブ [5.1.2535.0]
Microsoft : CD-ROM ドライブ [5.1.2535.0]
Microsoft : CD-ROM ドライブ [5.1.2535.0]
Microsoft : CD-ROM ドライブ [5.1.2535.0]
Microsoft : CD-ROM ドライブ [5.1.2535.0]
Microsoft : CD-ROM ドライブ [5.1.2535.0]
Microsoft : CD-ROM ドライブ [5.1.2535.0]
Microsoft : CD-ROM ドライブ [5.1.2535.0]
Microsoft : CD-ROM ドライブ [5.1.2535.0]
Microsoft : CD-ROM ドライブ [5.1.2535.0]
Microsoft : CD-ROM ドライブ [5.1.2535.0]
Microsoft : CD-ROM ドライブ [5.1.2535.0]
Microsoft : CD-ROM ドライブ [5.1.2535.0]
Microsoft : CD-ROM ドライブ [5.1.2535.0]
Microsoft : CD-ROM ドライブ [5.1.2535.0]
Microsoft : CD-ROM ドライブ [5.1.2535.0]
Microsoft : CD-ROM ドライブ [5.1.2535.0]
Microsoft : CD-ROM ドライブ [5.1.2535.0]
Microsoft : CD-ROM ドライブ [5.1.2535.0]
Microsoft : CD-ROM ドライブ [5.1.2535.0]
Microsoft : ACPI マルチプロセッサ PC [5.1.2600.0]
Microsoft : ディスク ドライブ [5.1.2535.0]
Microsoft : ディスク ドライブ [5.1.2535.0]
Microsoft : ディスク ドライブ [5.1.2535.0]
Microsoft : ディスク ドライブ [5.1.2535.0]
Microsoft : ディスク ドライブ [5.1.2535.0]
Microsoft : ディスク ドライブ [5.1.2535.0]
Microsoft : ディスク ドライブ [5.1.2535.0]
Microsoft : ディスク ドライブ [5.1.2535.0]
Microsoft : ディスク ドライブ [5.1.2535.0]
Microsoft : ディスク ドライブ [5.1.2535.0]
Microsoft : ディスク ドライブ [5.1.2535.0]
Microsoft : ディスク ドライブ [5.1.2535.0]
Microsoft : ディスク ドライブ [5.1.2535.0]
Microsoft : ディスク ドライブ [5.1.2535.0]
Microsoft : ディスク ドライブ [5.1.2535.0]
Microsoft : ディスク ドライブ [5.1.2535.0]
Microsoft : ディスク ドライブ [5.1.2535.0]
Microsoft : ディスク ドライブ [5.1.2535.0]
Microsoft : ディスク ドライブ [5.1.2535.0]
Microsoft : ディスク ドライブ [5.1.2535.0]
Microsoft : ディスク ドライブ [5.1.2535.0]
Microsoft : ディスク ドライブ [5.1.2535.0]
Microsoft : ディスク ドライブ [5.1.2535.0]
Microsoft : ディスク ドライブ [5.1.2535.0]
Microsoft : ディスク ドライブ [5.1.2535.0]
Microsoft : ディスク ドライブ [5.1.2535.0]
Microsoft : ディスク ドライブ [5.1.2535.0]
Microsoft : ディスク ドライブ [5.1.2535.0]
Microsoft : ディスク ドライブ [5.1.2535.0]
Microsoft : ディスク ドライブ [5.1.2535.0]
Microsoft : ディスク ドライブ [5.1.2535.0]
Microsoft : ディスク ドライブ [5.1.2535.0]
Microsoft : ディスク ドライブ [5.1.2535.0]
Microsoft : ディスク ドライブ [5.1.2535.0]
Microsoft : ディスク ドライブ [5.1.2535.0]
Microsoft : ディスク ドライブ [5.1.2535.0]
Microsoft : ディスク ドライブ [5.1.2535.0]
Microsoft : ディスク ドライブ [5.1.2535.0]
Microsoft : ディスク ドライブ [5.1.2535.0]
Microsoft : ディスク ドライブ [5.1.2535.0]
Microsoft : ディスク ドライブ [5.1.2535.0]
NVIDIA : NVIDIA GeForce 7600 GS  [6.14.11.7813]
NVIDIA : NVIDIA GeForce 7600 GS  [6.14.11.7813]
NVIDIA : NVIDIA GeForce 7600 GS  [6.14.11.7813]
NVIDIA : NVIDIA GeForce 7600 GS  [6.14.11.7813]
Microsoft : 標準フロッピー ディスク コントローラ [5.1.2600.0]
Microsoft : 標準デュアル チャネル PCI IDE コントローラ [5.1.2600.2180]
Microsoft : VIA Bus Master IDE Controller [5.1.2600.2180]
Microsoft : セカンダリ IDE チャネル [5.1.2600.2180]
Microsoft : プライマリ IDE チャネル [5.1.2600.2180]
Microsoft : プライマリ IDE チャネル [5.1.2600.2180]
Microsoft : セカンダリ IDE チャネル [5.1.2600.2180]
Microsoft : セカンダリ IDE チャネル [5.1.2600.2180]
Microsoft : プライマリ IDE チャネル [5.1.2600.2180]
Microsoft : 101/102 英語キーボードまたは Microsoft Natural PS/2 キーボード [5.1.2600.5512]
Microsoft : HID キーボード デバイス [5.1.2600.5512]
Microsoft : HID キーボード デバイス [5.1.2600.5512]
Microsoft : HID キーボード デバイス [5.1.2600.5512]
Microsoft : メディア コントロール デバイス [5.1.2535.0]
Microsoft : ビデオ CODEC [5.1.2535.0]
Microsoft : オーディオ CODEC [5.1.2535.0]
Microsoft : レガシ ビデオ キャプチャ デバイス [5.1.2535.0]
Microsoft : レガシ オーディオ ドライバ [5.1.2535.0]
AnalogDevices : SoundMAX Integrated Digital HD Audio [5.10.1.4151]
AnalogDevices : SoundMAX Integrated Digital HD Audio [5.10.1.4151]
AnalogDevices : SoundMAX Integrated Digital HD Audio [5.10.1.4151]
AnalogDevices : SoundMAX Integrated Digital HD Audio [5.10.1.4151]
AnalogDevices : SoundMAX Integrated Digital HD Audio [5.10.1.4151]
AnalogDevices : SoundMAX Integrated Digital HD Audio [5.10.1.4151]
AnalogDevices : SoundMAX Integrated Digital HD Audio [5.10.1.4151]
Microsoft : Microsoft Streaming Clock Proxy [5.1.2600.2180]
Microsoft : Microsoft Streaming Quality Manager Proxy [5.1.2600.2180]
Microsoft : Microsoft Streaming Service Proxy [5.1.2600.2180]
Microsoft : Microsoft Kernel System Audio Device [5.1.2535.0]
Microsoft : Microsoft Kernel DRM Audio Descrambler [5.1.2535.0]
Microsoft : Microsoft Kernel Wave Audio Mixer [5.1.2535.0]
Microsoft : Microsoft Kernel Acoustic Echo Canceller [5.1.2535.0]
Microsoft : Microsoft Kernel GS Wavetable Synthesizer [5.1.2535.0]
Microsoft : Microsoft Kernel DLS Synthesizer [5.1.2535.0]
Microsoft : Microsoft WINMM WDM Audio Compatibility Driver [5.1.2535.0]
Microsoft : Microsoft Kernel Audio Splitter [5.1.2535.0]
AnalogDevices : SoundMAX Integrated Digital HD Audio [5.10.1.4151]
AnalogDevices : SoundMAX Integrated Digital HD Audio [5.10.1.4151]
AnalogDevices : SoundMAX Integrated Digital HD Audio [5.10.1.4151]
AnalogDevices : SoundMAX Integrated Digital HD Audio [5.10.1.4151]
AnalogDevices : SoundMAX Integrated Digital HD Audio [5.10.1.4151]
AnalogDevices : SoundMAX Integrated Digital HD Audio [5.10.1.4151]
AnalogDevices : SoundMAX Integrated Digital HD Audio [5.10.1.4151]
VIA - IC Ensemble, Inc. : Envy24 Family Audio Controller WDM [5.12.1.3650]
VIA - IC Ensemble, Inc. : Envy24 Family Audio Controller WDM [5.12.1.3650]
VIA - IC Ensemble, Inc. : Envy24 Family Audio Controller WDM [5.12.1.3650]
VIA - IC Ensemble, Inc. : Envy24 Family Audio Controller WDM [5.12.1.3650]
BUFFALO INC. : BUFFALO PC-MV5xDX/U2 Series Video Capture [2.0.1.6]
BUFFALO INC. : BUFFALO PC-MV5xDX/U2 Series Video Capture [2.0.1.6]
BUFFALO INC. : BUFFALO PC-MV5xDX/U2 Series Video Capture [2.0.1.6]
Microsoft : クローズド キャプション デコーダ [5.1.2535.0]
Microsoft : NABTS/FEC VBI Codec [5.1.2600.2180]
Microsoft : World Standard Teletext Codec [5.1.2600.2180]
Microsoft : BDA Slip De-Framer [5.1.2600.2180]
Microsoft : BDA IPSink
Microsoft : Microsoft Streaming Tee/Sink-to-Sink Converter [5.1.2600.2180]
Microsoft : Microsoft Streaming Tee/Sink-to-Sink Converter [5.1.2600.2180]
MITSUBISHI ELECTRIC CORP. : FOMA D903i [1.0.0.0]
MITSUBISHI ELECTRIC CORP. : FOMA D903i [1.0.0.0]
MITSUBISHI ELECTRIC CORP. : FOMA D903i [1.0.0.0]
MITSUBISHI ELECTRIC CORP. : FOMA D903i [1.0.0.0]
MITSUBISHI ELECTRIC CORP. : FOMA D903i [1.0.0.0]
MITSUBISHI ELECTRIC CORP. : FOMA D903i [1.0.0.0]
MITSUBISHI ELECTRIC CORP. : FOMA D903i [1.0.0.0]
Microsoft : (既定のモニタ) [5.1.2001.0]
Microsoft : (既定のモニタ) [5.1.2001.0]
Microsoft : プラグ アンド プレイ モニタ [5.1.2001.0]
Microsoft : プラグ アンド プレイ モニタ [5.1.2001.0]
Microsoft : プラグ アンド プレイ モニタ [5.1.2001.0]
Microsoft : プラグ アンド プレイ モニタ [5.1.2001.0]
Microsoft : HID 準拠マウス [5.1.2600.0]
Microsoft : HID 準拠マウス [5.1.2600.0]
Microsoft : Microsoft USB IntelliMouse Explorer [5.1.2600.0]
Microsoft : Microsoft USB IntelliMouse Explorer [5.1.2600.0]
Microsoft : Microsoft USB IntelliMouse Explorer [5.1.2600.0]
Microsoft : Microsoft USB IntelliMouse Explorer [5.1.2600.0]
Microsoft : Microsoft USB IntelliMouse Explorer [5.1.2600.0]
Microsoft : HID 準拠マウス [5.1.2600.0]
Microsoft : HID 準拠マウス [5.1.2600.0]
Microsoft : HID 準拠マウス [5.1.2600.0]
Microsoft : HID 準拠マウス [5.1.2600.0]
Microsoft : HID 準拠マウス [5.1.2600.0]
Microsoft : HID 準拠マウス [5.1.2600.0]
Microsoft : HID 準拠マウス [5.1.2600.0]
VIA : VIA Rhine II Fast Ethernet Adapter [3.53.0.438]
VIA : VIA Rhine II Fast Ethernet Adapter [3.53.0.438]
VIA : VIA Rhine II Fast Ethernet Adapter [3.53.0.438]
Microsoft : RAS 非同期アダプタ [5.1.2535.0]
Microsoft : RAS 非同期アダプタ [5.1.2535.0]
Microsoft : RAS 非同期アダプタ [5.1.2535.0]
Microsoft : パケット スケジューラ ミニポート [5.1.2535.0]
Microsoft : パケット スケジューラ ミニポート [5.1.2535.0]
Microsoft : WAN ミニポート (L2TP) [5.1.2535.0]
Microsoft : WAN ミニポート (L2TP) [5.1.2535.0]
Microsoft : WAN ミニポート (L2TP) [5.1.2535.0]
Microsoft : WAN ミニポート (PPTP) [5.1.2535.0]
Microsoft : WAN ミニポート (PPTP) [5.1.2535.0]
Microsoft : WAN ミニポート (PPTP) [5.1.2535.0]
Microsoft : WAN ミニポート (PPPOE) [5.1.2535.0]
Microsoft : WAN ミニポート (PPPOE) [5.1.2535.0]
Microsoft : WAN ミニポート (PPPOE) [5.1.2535.0]
Microsoft : 直接パラレル [5.1.2535.0]
Microsoft : 直接パラレル [5.1.2535.0]
Microsoft : 直接パラレル [5.1.2535.0]
Microsoft : WAN ミニポート (IP) [5.1.2535.0]
Microsoft : WAN ミニポート (IP) [5.1.2535.0]
Microsoft : WAN ミニポート (IP) [5.1.2535.0]
Microsoft : パケット スケジューラ ミニポート [5.1.2535.0]
Microsoft : パケット スケジューラ ミニポート [5.1.2535.0]
Microsoft : WAN ミニポート (ネットワーク モニタ) [5.1.2535.0]
Microsoft : WAN ミニポート (ネットワーク モニタ) [5.1.2535.0]
Microsoft : WAN ミニポート (ネットワーク モニタ) [5.1.2535.0]
Microsoft : パケット スケジューラ ミニポート [5.1.2535.0]
Microsoft : パケット スケジューラ ミニポート [5.1.2535.0]
Microsoft : Microsoft TV/ビデオ接続 [5.1.2600.2180]
Microsoft : Microsoft TV/ビデオ接続 [5.1.2600.2180]
Microsoft : Microsoft TV/ビデオ接続 [5.1.2600.2180]
Microsoft : Microsoft TV/ビデオ接続 [5.1.2600.2180]
McAfee : McAfee Core NDIS Intermediate Filter Miniport [14.2.0.0]
McAfee : McAfee Core NDIS Intermediate Filter Miniport [14.2.0.0]
McAfee : McAfee Core NDIS Intermediate Filter Miniport [14.2.0.0]
McAfee : McAfee Core NDIS Intermediate Filter Miniport [14.2.0.0]
McAfee : McAfee Core NDIS Intermediate Filter Miniport [14.2.0.0]
McAfee : McAfee Core NDIS Intermediate Filter Miniport [14.2.0.0]
McAfee : McAfee Core NDIS Intermediate Filter Miniport [14.2.0.0]
McAfee : McAfee Core NDIS Intermediate Filter Miniport [14.2.0.0]
McAfee : McAfee Core NDIS Intermediate Filter Miniport [14.2.0.0]
Microsoft : Bluetooth Device (RFCOMM Protocol TDI) [5.1.2600.5512]
Microsoft : Bluetooth Device (RFCOMM Protocol TDI) [5.1.2600.5512]
Microsoft : Bluetooth デバイス (パーソナル エリア ネットワーク) [5.1.2535.0]
Microsoft : Bluetooth デバイス (パーソナル エリア ネットワーク) [5.1.2535.0]
Microsoft : Bluetooth デバイス (パーソナル エリア ネットワーク) [5.1.2535.0]
Friendly Technologies : PPPoEWin Miniport [4.0.0.0]
Friendly Technologies : PPPoEWin Miniport [4.0.0.0]
Friendly Technologies : PPPoEWin Miniport [4.0.0.0]
Logitec Corporation : Logitec LAN-W150N/U2 Wireless LAN Adapter [1.4.9.0]
Logitec Corporation : Logitec LAN-W150N/U2 Wireless LAN Adapter [1.4.9.0]
Logitec Corporation : Logitec LAN-W150N/U2 Wireless LAN Adapter [1.4.9.0]
Logitec Corporation : Logitec LAN-W150N/U2 Wireless LAN Adapter [1.4.9.0]
Logitec Corporation : Logitec LAN-W150N/U2 Wireless LAN Adapter [1.4.9.0]
Logitec Corporation : Logitec LAN-W150N/U2 Wireless LAN Adapter [1.4.9.0]
Logitec Corporation : Logitec LAN-W150N/U2 Wireless LAN Adapter [1.4.9.0]
McAfee : McAfee Core NDIS Intermediate Filter Miniport [14.2.0.0]
McAfee : McAfee Core NDIS Intermediate Filter Miniport [14.2.0.0]
McAfee : McAfee Core NDIS Intermediate Filter Miniport [14.2.0.0]
Microsoft : パケット スケジューラ ミニポート [5.1.2535.0]
Microsoft : パケット スケジューラ ミニポート [5.1.2535.0]
Microsoft : 通信ポート [5.1.2600.0]
Microsoft : ECP プリンタ ポート [5.1.2600.0]
MITSUBISHI ELECTRIC CORP. : FOMA D903i OBEX Port [1.0.0.0]
MITSUBISHI ELECTRIC CORP. : FOMA D903i Command Port [1.0.0.0]
EPSON : EPSON PM-D870 [6.1.0.0]
JMicron Technology Corp. : JMicron JMB36X RAID Controller [1.9.4.0]
Microsoft : コンソールのための全画面ビデオ ドライバ [5.1.2535.0]
Microsoft : ボリューム マネージャ [5.1.2600.2180]
Microsoft : プラグ アンド プレイ ソフトウェア デバイス列挙子 [5.1.2600.2180]
Microsoft : Microcode Update Device [5.1.2600.2180]
Microsoft : Microsoft System Management BIOS Driver [5.1.2600.2180]
Microsoft : 論理ディスク マネージャ [5.1.2600.2180]
Microsoft : Microsoft ACPI-Compliant System [5.1.2535.0]
Microsoft : ACPI 電源ボタン [5.1.2600.2180]
Microsoft : ACPI ファン
Microsoft : ACPI スリープ ボタン [5.1.2600.2180]
Microsoft : ACPI 温度管理ゾーン [5.1.2600.2180]
Microsoft : ACPI Fixed Feature ボタン [5.1.2600.2180]
Microsoft : システム ボード [5.1.2600.2180]
Microsoft : PCI バス
Microsoft : システム スピーカー [5.1.2600.2180]
VIA Technologies, Inc. : VIA PCI to PCI Bridge Controller [5.1.0.270]
Microsoft : VIA CPU to AGP Controller [5.1.2535.0]
VIA Technologies, Inc. : VIA PCI to PCI Bridge Controller [5.1.0.270]
VIA Technologies, Inc. : VIA Standard Host Bridge [5.1.0.270]
VIA Technologies, Inc. : VIA Security Device [5.1.0.270]
VIA Technologies, Inc. : VIA Standard Host Bridge [5.1.0.270]
VIA Technologies, Inc. : VIA Standard Host Bridge [5.1.0.270]
VIA Technologies, Inc. : VIA Standard PCI to ISA Bridge [5.1.0.270]
VIA Technologies, Inc. : VIA Standard Host Bridge [5.1.0.270]
Microsoft : システム CMOS/リアル タイム クロック [5.1.2600.2180]
VIA Technologies, Inc. : VIA Ultra VLINK Controller [5.1.0.270]
VIA Technologies, Inc. : VIA Standard Host Bridge [5.1.0.270]
VIA Technologies, Inc. : VIA Standard Host Bridge [5.1.0.270]
VIA Technologies, Inc. : VIA Standard Host Bridge [5.1.0.270]
Microsoft : マザーボード リソース [5.1.2600.2180]
Microsoft : マザーボード リソース [5.1.2600.2180]
Microsoft : マザーボード リソース [5.1.2600.2180]
Microsoft : DMA コントローラ [5.1.2600.2180]
Microsoft : システム タイマ [5.1.2600.2180]
Microsoft : プログラム可能割り込みコントローラ [5.1.2600.2180]
Microsoft : 数値データ プロセッサ [5.1.2600.2180]
Microsoft : マザーボード リソース [5.1.2600.2180]
Microsoft : ISAPNP 読み取りデータ ポート [5.1.2600.2180]
Microsoft : Printer Port Logical Interface [5.1.2600.2180]
Microsoft : ターミナル サーバー デバイス リダイレクタ [5.1.2600.2180]
Microsoft : ターミナル サーバー マウス ドライバ [5.1.2600.2180]
Microsoft : ターミナル サーバー キーボード ドライバ [5.1.2600.2180]
VIA Technologies, Inc. : VIA I/O APIC Interrupt Controller [5.1.0.270]
Microsoft : Microsoft UAA バス ドライバ (High Definition Audio 用) [5.10.0.5010]
Microsoft : Microsoft UAA バス ドライバ (High Definition Audio 用) [5.10.0.5010]
ATK : ATK0110 ACPI UTILITY [1043.2.15.37]
Microsoft : PCI バス
Microsoft : マザーボード リソース [5.1.2600.2180]
Microsoft : Microsoft UAA バス ドライバ (High Definition Audio 用) [5.10.0.5010]
Microsoft : Microsoft UAA バス ドライバ (High Definition Audio 用) [5.10.0.5010]
VIA Technologies, Inc. : VIA Standard PCI to PCI Bridge [5.1.0.270]
Microsoft : 拡張 IO バス
DT Soft Ltd : DAEMON Tools Virtual Bus [4.41.3.256]
Microsoft : フロッピー ディスク ドライブ [5.1.2600.0]
Microsoft : USB フロッピー ディスク ドライブ [5.1.2600.0]
Microsoft : USB フロッピー ディスク ドライブ [5.1.2600.0]
Microsoft : USB フロッピー ディスク ドライブ [5.1.2600.0]
Microsoft : USB フロッピー ディスク ドライブ [5.1.2600.0]
Microsoft : Intel Processor [5.1.2600.0]
Microsoft : Intel Processor [5.1.2600.0]
Microsoft : Apple iPhone [5.1.2600.0]
Microsoft : Apple iPhone [5.1.2600.0]
Microsoft : Apple iPhone [5.1.2600.0]
Microsoft : 汎用ボリューム [5.1.2600.0]
Microsoft : 汎用ボリューム [5.1.2600.0]
Microsoft : 汎用ボリューム [5.1.2600.0]
Microsoft : 汎用ボリューム [5.1.2600.0]
Microsoft : 汎用ボリューム [5.1.2600.0]
Microsoft : 汎用ボリューム [5.1.2600.0]
Microsoft : 汎用ボリューム [5.1.2600.0]
Microsoft : 汎用ボリューム [5.1.2600.0]
Microsoft : 汎用ボリューム [5.1.2600.0]
Microsoft : 汎用ボリューム [5.1.2600.0]
Microsoft : 汎用ボリューム [5.1.2600.0]
Microsoft : 汎用ボリューム [5.1.2600.0]
Microsoft : 汎用ボリューム [5.1.2600.0]
Microsoft : 汎用ボリューム [5.1.2600.0]
Microsoft : 汎用ボリューム [5.1.2600.0]
Microsoft : 汎用ボリューム [5.1.2600.0]
Microsoft : 汎用ボリューム [5.1.2600.0]
Microsoft : 汎用ボリューム [5.1.2600.0]
Microsoft : 汎用ボリューム [5.1.2600.0]
Microsoft : 汎用ボリューム [5.1.2600.0]
Microsoft : 汎用ボリューム [5.1.2600.0]
Microsoft : 汎用ボリューム [5.1.2600.0]
Microsoft : 汎用ボリューム [5.1.2600.0]
Microsoft : 汎用ボリューム [5.1.2600.0]
Microsoft : 汎用ボリューム [5.1.2600.0]
Microsoft : 汎用ボリューム [5.1.2600.0]
Microsoft : 汎用ボリューム [5.1.2600.0]
Microsoft : 汎用ボリューム [5.1.2600.0]
Microsoft : 汎用ボリューム [5.1.2600.0]
Microsoft : 汎用ボリューム [5.1.2600.0]
Microsoft : 汎用ボリューム [5.1.2600.0]
Microsoft : 汎用ボリューム [5.1.2600.0]
Microsoft : 汎用ボリューム [5.1.2600.0]
Microsoft : 汎用ボリューム [5.1.2600.0]
Microsoft : 汎用ボリューム [5.1.2600.0]
Microsoft : 汎用ボリューム [5.1.2600.0]
Microsoft : 汎用ボリューム [5.1.2600.0]
Microsoft : 汎用ボリューム [5.1.2600.0]
Microsoft : 汎用ボリューム [5.1.2600.0]
Microsoft : 汎用ボリューム [5.1.2600.0]
Microsoft : 汎用ボリューム [5.1.2600.0]
Microsoft : 汎用ボリューム [5.1.2600.0]
Microsoft : 汎用ボリューム [5.1.2600.0]
Microsoft : 汎用ボリューム [5.1.2600.0]
Microsoft : 汎用ボリューム [5.1.2600.0]
Microsoft : 汎用ボリューム [5.1.2600.0]
Microsoft : USB ヒューマン インターフェイス デバイス [5.1.2535.0]
Microsoft : Microsoft USB IntelliMouse Explorer [5.1.2600.5512]
Microsoft : Microsoft USB IntelliMouse Explorer [5.1.2600.5512]
Microsoft : Microsoft USB IntelliMouse Explorer [5.1.2600.5512]
Microsoft : Microsoft USB IntelliMouse Explorer [5.1.2600.5512]
Microsoft : Microsoft USB IntelliMouse Explorer [5.1.2600.5512]
Microsoft : USB ヒューマン インターフェイス デバイス [5.1.2600.5512]
Microsoft : USB ヒューマン インターフェイス デバイス [5.1.2600.5512]
Microsoft : HID 準拠コンシューマ制御デバイス [5.1.2600.5512]
Microsoft : HID 準拠デバイス [5.1.2600.5512]
Microsoft : HID 準拠デバイス [5.1.2600.5512]
Microsoft : USB ヒューマン インターフェイス デバイス [5.1.2600.5512]
Microsoft : USB ヒューマン インターフェイス デバイス [5.1.2600.5512]
Microsoft : HID 準拠コンシューマ制御デバイス [5.1.2600.5512]
Microsoft : HID 準拠デバイス [5.1.2600.5512]
Microsoft : HID 準拠デバイス [5.1.2600.5512]
Microsoft : USB ヒューマン インターフェイス デバイス [5.1.2600.5512]
Microsoft : USB ヒューマン インターフェイス デバイス [5.1.2600.5512]
Microsoft : HID 準拠コンシューマ制御デバイス [5.1.2600.5512]
Microsoft : HID 準拠デバイス [5.1.2600.5512]
Microsoft : HID 準拠デバイス [5.1.2600.5512]
Microsoft : USB ヒューマン インターフェイス デバイス [5.1.2600.5512]
Microsoft : USB ヒューマン インターフェイス デバイス [5.1.2600.5512]
Microsoft : USB ヒューマン インターフェイス デバイス [5.1.2600.5512]
Microsoft : HID 準拠デバイス [5.1.2600.5512]
Microsoft :  [5.1.2600.5512]
Microsoft : USB ヒューマン インターフェイス デバイス [5.1.2600.5512]
Microsoft : USB ヒューマン インターフェイス デバイス [5.1.2600.5512]
Microsoft : USB ヒューマン インターフェイス デバイス [5.1.2600.5512]
Microsoft : USB ヒューマン インターフェイス デバイス [5.1.2600.5512]
Microsoft : USB ヒューマン インターフェイス デバイス [5.1.2600.5512]
Microsoft : HID 準拠コンシューマ制御デバイス [5.1.2600.5512]
Microsoft : HID 準拠デバイス [5.1.2600.5512]
Microsoft : HID 準拠デバイス [5.1.2600.5512]
Microsoft : USB ヒューマン インターフェイス デバイス [5.1.2600.5512]
Microsoft : USB ヒューマン インターフェイス デバイス [5.1.2600.5512]
Microsoft : USB ヒューマン インターフェイス デバイス [5.1.2600.5512]
Microsoft : HID 準拠コンシューマ制御デバイス [5.1.2600.5512]
Microsoft : HID 準拠デバイス [5.1.2600.5512]
Microsoft : HID 準拠デバイス [5.1.2600.5512]
Microsoft : HID 準拠デバイス [5.1.2600.5512]
Microsoft : HID 準拠デバイス [5.1.2600.5512]
Microsoft : HID 準拠デバイス [5.1.2600.5512]
Microsoft : USB ヒューマン インターフェイス デバイス [5.1.2600.5512]
Microsoft : USB ヒューマン インターフェイス デバイス [5.1.2600.5512]
Microsoft : HID 準拠コンシューマ制御デバイス [5.1.2600.5512]
Microsoft : HID 準拠デバイス [5.1.2600.5512]
Microsoft : HID 準拠デバイス [5.1.2600.5512]
Microsoft : USB ヒューマン インターフェイス デバイス [5.1.2600.5512]
Microsoft : USB ヒューマン インターフェイス デバイス [5.1.2600.5512]
Microsoft : USB ヒューマン インターフェイス デバイス [5.1.2600.5512]
Microsoft : HID 準拠コンシューマ制御デバイス [5.1.2600.5512]
Microsoft : HID 準拠デバイス [5.1.2600.5512]
Microsoft : HID 準拠デバイス [5.1.2600.5512]
Microsoft : HID 準拠デバイス [5.1.2600.5512]
Microsoft : HID 準拠デバイス [5.1.2600.5512]
Microsoft : HID 準拠デバイス [5.1.2600.5512]
Microsoft : USB ヒューマン インターフェイス デバイス [5.1.2600.5512]
Microsoft : USB ヒューマン インターフェイス デバイス [5.1.2600.5512]
Microsoft : USB ヒューマン インターフェイス デバイス [5.1.2600.5512]
Microsoft : HID 準拠コンシューマ制御デバイス [5.1.2600.5512]
Microsoft : HID 準拠デバイス [5.1.2600.5512]
Microsoft : HID 準拠デバイス [5.1.2600.5512]
Microsoft : HID 準拠デバイス [5.1.2600.5512]
Microsoft : HID 準拠デバイス [5.1.2600.5512]
Microsoft : HID 準拠デバイス [5.1.2600.5512]
IVT : Bluetooth HID Manager [6.0.12.56]
IVT Corporation : Bluetooth HID Enum Device [6.0.12.56]
Microsoft : Microsoft Bluetooth Enumerator [5.1.2600.5512]
Microsoft : MTP Device
Microsoft : VIA USB エンハンス ホスト コントローラ [5.1.2600.0]
Microsoft : VIA Rev 5 またはそれ以降の USB ユニバーサル ホスト コントローラ [5.1.2600.2180]
Microsoft : VIA Rev 5 またはそれ以降の USB ユニバーサル ホスト コントローラ [5.1.2600.2180]
Microsoft : VIA Rev 5 またはそれ以降の USB ユニバーサル ホスト コントローラ [5.1.2600.2180]
Microsoft : VIA Rev 5 またはそれ以降の USB ユニバーサル ホスト コントローラ [5.1.2600.2180]
Microsoft : USB ルート ハブ [5.1.2600.2180]
Microsoft : USB ルート ハブ [5.1.2600.2180]
Microsoft : USB ルート ハブ [5.1.2600.2180]
Microsoft : USB ルート ハブ [5.1.2600.2180]
Microsoft : USB ルート ハブ [5.1.2600.2180]
Microsoft : USB 大容量記憶装置デバイス [5.1.2600.0]
Microsoft : USB 大容量記憶装置デバイス [5.1.2600.0]
Microsoft : USB 大容量記憶装置デバイス [5.1.2600.0]
Microsoft : USB 大容量記憶装置デバイス [5.1.2600.0]
Microsoft : 汎用 USB ハブ [5.1.2600.0]
Microsoft : USB 大容量記憶装置デバイス [5.1.2600.0]
Microsoft : USB 大容量記憶装置デバイス [5.1.2600.0]
Microsoft : USB 大容量記憶装置デバイス [5.1.2600.0]
Microsoft : USB 大容量記憶装置デバイス [5.1.2600.0]
Microsoft : USB 複合デバイス [5.1.2600.0]
Microsoft : USB 大容量記憶装置デバイス [5.1.2600.0]
Microsoft : USB 印刷サポート [5.1.2600.0]
Microsoft : USB 大容量記憶装置デバイス [5.1.2600.0]
Microsoft : 不明なデバイス [5.1.2600.0]
Microsoft : USB 大容量記憶装置デバイス [5.1.2600.0]
Microsoft : 不明なデバイス [5.1.2600.0]
Microsoft : USB 大容量記憶装置デバイス [5.1.2600.0]
Microsoft : USB 大容量記憶装置デバイス [5.1.2600.0]
MITSUBISHI ELECTRIC CORP. : FOMA D903i [1.0.0.0]
MITSUBISHI ELECTRIC CORP. : FOMA D903i [1.0.0.0]
Microsoft : 不明なデバイス [5.1.2600.0]
Microsoft : USB 大容量記憶装置デバイス [5.1.2600.0]
Microsoft : USB 大容量記憶装置デバイス [5.1.2600.0]
Microsoft : USB 大容量記憶装置デバイス [5.1.2600.0]
Microsoft : 不明なデバイス [5.1.2600.0]
Microsoft : USB 大容量記憶装置デバイス [5.1.2600.0]
Microsoft : 不明なデバイス [5.1.2600.0]
Microsoft : USB 大容量記憶装置デバイス [5.1.2600.0]
Microsoft : USB 大容量記憶装置デバイス [5.1.2600.0]
Microsoft : USB 大容量記憶装置デバイス [5.1.2600.0]
Microsoft : USB 大容量記憶装置デバイス [5.1.2600.0]
Microsoft : USB 大容量記憶装置デバイス [5.1.2600.0]
Microsoft : USB 大容量記憶装置デバイス [5.1.2600.0]
Microsoft : USB 大容量記憶装置デバイス [5.1.2600.0]
Microsoft : USB 大容量記憶装置デバイス [5.1.2600.0]
Microsoft : USB 大容量記憶装置デバイス [5.1.2600.0]
Microsoft : 不明なデバイス [5.1.2600.0]
Microsoft : USB 大容量記憶装置デバイス [5.1.2600.0]
Microsoft : 不明なデバイス [5.1.2600.0]
Microsoft : USB 複合デバイス [5.1.2600.0]
Microsoft : USB 複合デバイス [5.1.2600.0]
Microsoft : USB 複合デバイス [5.1.2600.0]
Microsoft : USB 大容量記憶装置デバイス [5.1.2600.0]
Microsoft : USB 大容量記憶装置デバイス [5.1.2600.0]
Microsoft : USB 大容量記憶装置デバイス [5.1.2600.0]
Microsoft : USB 大容量記憶装置デバイス [5.1.2600.0]
Microsoft : USB 大容量記憶装置デバイス [5.1.2600.0]
Microsoft : 不明なデバイス [5.1.2600.0]
Microsoft : USB 大容量記憶装置デバイス [5.1.2600.0]
Apple, Inc. : Apple Mobile Device USB Driver [6.0.9999.58]
Apple, Inc. : Apple Recovery (iBoot) USB Driver [6.0.9999.45]
Apple, Inc. : Apple Recovery (iBoot) USB Driver [6.0.9999.45]
Microsoft : USB 大容量記憶装置デバイス [5.1.2600.0]
Microsoft : 不明なデバイス [5.1.2600.0]
Microsoft : 汎用 USB ハブ [5.1.2600.0]
Microsoft : 汎用 USB ハブ [5.1.2600.0]
Microsoft : 不明なデバイス [5.1.2600.0]
Apple, Inc. : Apple Recovery (iBoot) USB Driver [6.0.9999.57]
Microsoft : 不明なデバイス [5.1.2600.0]
Microsoft : 不明なデバイス [5.1.2600.0]
Apple, Inc. : Apple Recovery (iBoot) USB Driver [6.0.9999.55]
Microsoft : USB 大容量記憶装置デバイス [5.1.2600.0]
Microsoft : USB 大容量記憶装置デバイス [5.1.2600.0]
Microsoft : USB 大容量記憶装置デバイス [5.1.2600.0]
Apple, Inc. : Apple Mobile Device USB Driver [6.0.9999.57]
Microsoft : USB 大容量記憶装置デバイス [5.1.2600.0]
Apple, Inc. : Apple Mobile Device USB Driver [6.0.9999.55]
Microsoft : 不明なデバイス [5.1.2600.0]
Microsoft : USB 複合デバイス [5.1.2600.0]
Microsoft : USB 複合デバイス [5.1.2600.0]
Microsoft : USB 複合デバイス [5.1.2600.0]
Microsoft : USB 複合デバイス [5.1.2600.0]
Microsoft : USB 複合デバイス [5.1.2600.0]
Apple, Inc. : Apple Recovery (iBoot) USB Driver [6.0.9999.57]
Apple, Inc. : Apple Recovery (iBoot) USB Driver [6.0.9999.58]
Apple, Inc. : Apple Recovery (iBoot) USB Driver [6.0.9999.58]
Apple, Inc. : Apple Mobile Device USB Driver [6.0.9999.58]
Microsoft : CD-ROM ドライブ [5.1.2535.0]
Microsoft : CD-ROM ドライブ [5.1.2535.0]
Microsoft : CD-ROM ドライブ [5.1.2535.0]
Microsoft : CD-ROM ドライブ [5.1.2535.0]
Microsoft : CD-ROM ドライブ [5.1.2535.0]
Microsoft : CD-ROM ドライブ [5.1.2535.0]
Microsoft : CD-ROM ドライブ [5.1.2535.0]
Microsoft : CD-ROM ドライブ [5.1.2535.0]
Microsoft : CD-ROM ドライブ [5.1.2535.0]
Microsoft : CD-ROM ドライブ [5.1.2535.0]
Microsoft : CD-ROM ドライブ [5.1.2535.0]
Microsoft : CD-ROM ドライブ [5.1.2535.0]
Microsoft : CD-ROM ドライブ [5.1.2535.0]
Microsoft : CD-ROM ドライブ [5.1.2535.0]
Microsoft : CD-ROM ドライブ [5.1.2535.0]
Microsoft : CD-ROM ドライブ [5.1.2535.0]
Microsoft : CD-ROM ドライブ [5.1.2535.0]
Microsoft : CD-ROM ドライブ [5.1.2535.0]
Microsoft : CD-ROM ドライブ [5.1.2535.0]
Microsoft : CD-ROM ドライブ [5.1.2535.0]
Microsoft : CD-ROM ドライブ [5.1.2535.0]
Microsoft : CD-ROM ドライブ [5.1.2535.0]
Microsoft : CD-ROM ドライブ [5.1.2535.0]
Microsoft : CD-ROM ドライブ [5.1.2535.0]
Microsoft : CD-ROM ドライブ [5.1.2535.0]
Microsoft : ACPI マルチプロセッサ PC [5.1.2600.0]
Microsoft : ディスク ドライブ [5.1.2535.0]
Microsoft : ディスク ドライブ [5.1.2535.0]
Microsoft : ディスク ドライブ [5.1.2535.0]
Microsoft : ディスク ドライブ [5.1.2535.0]
Microsoft : ディスク ドライブ [5.1.2535.0]
Microsoft : ディスク ドライブ [5.1.2535.0]
Microsoft : ディスク ドライブ [5.1.2535.0]
Microsoft : ディスク ドライブ [5.1.2535.0]
Microsoft : ディスク ドライブ [5.1.2535.0]
Microsoft : ディスク ドライブ [5.1.2535.0]
Microsoft : ディスク ドライブ [5.1.2535.0]
Microsoft : ディスク ドライブ [5.1.2535.0]
Microsoft : ディスク ドライブ [5.1.2535.0]
Microsoft : ディスク ドライブ [5.1.2535.0]
Microsoft : ディスク ドライブ [5.1.2535.0]
Microsoft : ディスク ドライブ [5.1.2535.0]
Microsoft : ディスク ドライブ [5.1.2535.0]
Microsoft : ディスク ドライブ [5.1.2535.0]
Microsoft : ディスク ドライブ [5.1.2535.0]
Microsoft : ディスク ドライブ [5.1.2535.0]
Microsoft : ディスク ドライブ [5.1.2535.0]
Microsoft : ディスク ドライブ [5.1.2535.0]
Microsoft : ディスク ドライブ [5.1.2535.0]
Microsoft : ディスク ドライブ [5.1.2535.0]
Microsoft : ディスク ドライブ [5.1.2535.0]
Microsoft : ディスク ドライブ [5.1.2535.0]
Microsoft : ディスク ドライブ [5.1.2535.0]
Microsoft : ディスク ドライブ [5.1.2535.0]
Microsoft : ディスク ドライブ [5.1.2535.0]
Microsoft : ディスク ドライブ [5.1.2535.0]
Microsoft : ディスク ドライブ [5.1.2535.0]
Microsoft : ディスク ドライブ [5.1.2535.0]
Microsoft : ディスク ドライブ [5.1.2535.0]
Microsoft : ディスク ドライブ [5.1.2535.0]
Microsoft : ディスク ドライブ [5.1.2535.0]
Microsoft : ディスク ドライブ [5.1.2535.0]
Microsoft : ディスク ドライブ [5.1.2535.0]
Microsoft : ディスク ドライブ [5.1.2535.0]
Microsoft : ディスク ドライブ [5.1.2535.0]
Microsoft : ディスク ドライブ [5.1.2535.0]
Microsoft : ディスク ドライブ [5.1.2535.0]
NVIDIA : NVIDIA GeForce 7600 GS  [6.14.11.7813]
NVIDIA : NVIDIA GeForce 7600 GS  [6.14.11.7813]
NVIDIA : NVIDIA GeForce 7600 GS  [6.14.11.7813]
NVIDIA : NVIDIA GeForce 7600 GS  [6.14.11.7813]
Microsoft : 標準フロッピー ディスク コントローラ [5.1.2600.0]
Microsoft : 標準デュアル チャネル PCI IDE コントローラ [5.1.2600.2180]
Microsoft : VIA Bus Master IDE Controller [5.1.2600.2180]
Microsoft : セカンダリ IDE チャネル [5.1.2600.2180]
Microsoft : プライマリ IDE チャネル [5.1.2600.2180]
Microsoft : プライマリ IDE チャネル [5.1.2600.2180]
Microsoft : セカンダリ IDE チャネル [5.1.2600.2180]
Microsoft : セカンダリ IDE チャネル [5.1.2600.2180]
Microsoft : プライマリ IDE チャネル [5.1.2600.2180]
Microsoft : 101/102 英語キーボードまたは Microsoft Natural PS/2 キーボード [5.1.2600.5512]
Microsoft : HID キーボード デバイス [5.1.2600.5512]
Microsoft : HID キーボード デバイス [5.1.2600.5512]
Microsoft : HID キーボード デバイス [5.1.2600.5512]
Microsoft : メディア コントロール デバイス [5.1.2535.0]
Microsoft : ビデオ CODEC [5.1.2535.0]
Microsoft : オーディオ CODEC [5.1.2535.0]
Microsoft : レガシ ビデオ キャプチャ デバイス [5.1.2535.0]
Microsoft : レガシ オーディオ ドライバ [5.1.2535.0]
AnalogDevices : SoundMAX Integrated Digital HD Audio [5.10.1.4151]
AnalogDevices : SoundMAX Integrated Digital HD Audio [5.10.1.4151]
AnalogDevices : SoundMAX Integrated Digital HD Audio [5.10.1.4151]
AnalogDevices : SoundMAX Integrated Digital HD Audio [5.10.1.4151]
AnalogDevices : SoundMAX Integrated Digital HD Audio [5.10.1.4151]
AnalogDevices : SoundMAX Integrated Digital HD Audio [5.10.1.4151]
AnalogDevices : SoundMAX Integrated Digital HD Audio [5.10.1.4151]
Microsoft : Microsoft Streaming Clock Proxy [5.1.2600.2180]
Microsoft : Microsoft Streaming Quality Manager Proxy [5.1.2600.2180]
Microsoft : Microsoft Streaming Service Proxy [5.1.2600.2180]
Microsoft : Microsoft Kernel System Audio Device [5.1.2535.0]
Microsoft : Microsoft Kernel DRM Audio Descrambler [5.1.2535.0]
Microsoft : Microsoft Kernel Wave Audio Mixer [5.1.2535.0]
Microsoft : Microsoft Kernel Acoustic Echo Canceller [5.1.2535.0]
Microsoft : Microsoft Kernel GS Wavetable Synthesizer [5.1.2535.0]
Microsoft : Microsoft Kernel DLS Synthesizer [5.1.2535.0]
Microsoft : Microsoft WINMM WDM Audio Compatibility Driver [5.1.2535.0]
Microsoft : Microsoft Kernel Audio Splitter [5.1.2535.0]
AnalogDevices : SoundMAX Integrated Digital HD Audio [5.10.1.4151]
AnalogDevices : SoundMAX Integrated Digital HD Audio [5.10.1.4151]
AnalogDevices : SoundMAX Integrated Digital HD Audio [5.10.1.4151]
AnalogDevices : SoundMAX Integrated Digital HD Audio [5.10.1.4151]
AnalogDevices : SoundMAX Integrated Digital HD Audio [5.10.1.4151]
AnalogDevices : SoundMAX Integrated Digital HD Audio [5.10.1.4151]
AnalogDevices : SoundMAX Integrated Digital HD Audio [5.10.1.4151]
VIA - IC Ensemble, Inc. : Envy24 Family Audio Controller WDM [5.12.1.3650]
VIA - IC Ensemble, Inc. : Envy24 Family Audio Controller WDM [5.12.1.3650]
VIA - IC Ensemble, Inc. : Envy24 Family Audio Controller WDM [5.12.1.3650]
VIA - IC Ensemble, Inc. : Envy24 Family Audio Controller WDM [5.12.1.3650]
BUFFALO INC. : BUFFALO PC-MV5xDX/U2 Series Video Capture [2.0.1.6]
BUFFALO INC. : BUFFALO PC-MV5xDX/U2 Series Video Capture [2.0.1.6]
BUFFALO INC. : BUFFALO PC-MV5xDX/U2 Series Video Capture [2.0.1.6]
Microsoft : クローズド キャプション デコーダ [5.1.2535.0]
Microsoft : NABTS/FEC VBI Codec [5.1.2600.2180]
Microsoft : World Standard Teletext Codec [5.1.2600.2180]
Microsoft : BDA Slip De-Framer [5.1.2600.2180]
Microsoft : BDA IPSink
Microsoft : Microsoft Streaming Tee/Sink-to-Sink Converter [5.1.2600.2180]
Microsoft : Microsoft Streaming Tee/Sink-to-Sink Converter [5.1.2600.2180]
MITSUBISHI ELECTRIC CORP. : FOMA D903i [1.0.0.0]
MITSUBISHI ELECTRIC CORP. : FOMA D903i [1.0.0.0]
MITSUBISHI ELECTRIC CORP. : FOMA D903i [1.0.0.0]
MITSUBISHI ELECTRIC CORP. : FOMA D903i [1.0.0.0]
MITSUBISHI ELECTRIC CORP. : FOMA D903i [1.0.0.0]
MITSUBISHI ELECTRIC CORP. : FOMA D903i [1.0.0.0]
MITSUBISHI ELECTRIC CORP. : FOMA D903i [1.0.0.0]
Microsoft : (既定のモニタ) [5.1.2001.0]
Microsoft : (既定のモニタ) [5.1.2001.0]
Microsoft : プラグ アンド プレイ モニタ [5.1.2001.0]
Microsoft : プラグ アンド プレイ モニタ [5.1.2001.0]
Microsoft : プラグ アンド プレイ モニタ [5.1.2001.0]
Microsoft : プラグ アンド プレイ モニタ [5.1.2001.0]
Microsoft : HID 準拠マウス [5.1.2600.0]
Microsoft : HID 準拠マウス [5.1.2600.0]
Microsoft : Microsoft USB IntelliMouse Explorer [5.1.2600.0]
Microsoft : Microsoft USB IntelliMouse Explorer [5.1.2600.0]
Microsoft : Microsoft USB IntelliMouse Explorer [5.1.2600.0]
Microsoft : Microsoft USB IntelliMouse Explorer [5.1.2600.0]
Microsoft : Microsoft USB IntelliMouse Explorer [5.1.2600.0]
Microsoft : HID 準拠マウス [5.1.2600.0]
Microsoft : HID 準拠マウス [5.1.2600.0]
Microsoft : HID 準拠マウス [5.1.2600.0]
Microsoft : HID 準拠マウス [5.1.2600.0]
Microsoft : HID 準拠マウス [5.1.2600.0]
Microsoft : HID 準拠マウス [5.1.2600.0]
Microsoft : HID 準拠マウス [5.1.2600.0]
VIA : VIA Rhine II Fast Ethernet Adapter [3.53.0.438]
VIA : VIA Rhine II Fast Ethernet Adapter [3.53.0.438]
VIA : VIA Rhine II Fast Ethernet Adapter [3.53.0.438]
Microsoft : RAS 非同期アダプタ [5.1.2535.0]
Microsoft : RAS 非同期アダプタ [5.1.2535.0]
Microsoft : RAS 非同期アダプタ [5.1.2535.0]
Microsoft : パケット スケジューラ ミニポート [5.1.2535.0]
Microsoft : パケット スケジューラ ミニポート [5.1.2535.0]
Microsoft : WAN ミニポート (L2TP) [5.1.2535.0]
Microsoft : WAN ミニポート (L2TP) [5.1.2535.0]
Microsoft : WAN ミニポート (L2TP) [5.1.2535.0]
Microsoft : WAN ミニポート (PPTP) [5.1.2535.0]
Microsoft : WAN ミニポート (PPTP) [5.1.2535.0]
Microsoft : WAN ミニポート (PPTP) [5.1.2535.0]
Microsoft : WAN ミニポート (PPPOE) [5.1.2535.0]
Microsoft : WAN ミニポート (PPPOE) [5.1.2535.0]
Microsoft : WAN ミニポート (PPPOE) [5.1.2535.0]
Microsoft : 直接パラレル [5.1.2535.0]
Microsoft : 直接パラレル [5.1.2535.0]
Microsoft : 直接パラレル [5.1.2535.0]
Microsoft : WAN ミニポート (IP) [5.1.2535.0]
Microsoft : WAN ミニポート (IP) [5.1.2535.0]
Microsoft : WAN ミニポート (IP) [5.1.2535.0]
Microsoft : パケット スケジューラ ミニポート [5.1.2535.0]
Microsoft : パケット スケジューラ ミニポート [5.1.2535.0]
Microsoft : WAN ミニポート (ネットワーク モニタ) [5.1.2535.0]
Microsoft : WAN ミニポート (ネットワーク モニタ) [5.1.2535.0]
Microsoft : WAN ミニポート (ネットワーク モニタ) [5.1.2535.0]
Microsoft : パケット スケジューラ ミニポート [5.1.2535.0]
Microsoft : パケット スケジューラ ミニポート [5.1.2535.0]
Microsoft : Microsoft TV/ビデオ接続 [5.1.2600.2180]
Microsoft : Microsoft TV/ビデオ接続 [5.1.2600.2180]
Microsoft : Microsoft TV/ビデオ接続 [5.1.2600.2180]
Microsoft : Microsoft TV/ビデオ接続 [5.1.2600.2180]
McAfee : McAfee Core NDIS Intermediate Filter Miniport [14.2.0.0]
McAfee : McAfee Core NDIS Intermediate Filter Miniport [14.2.0.0]
McAfee : McAfee Core NDIS Intermediate Filter Miniport [14.2.0.0]
McAfee : McAfee Core NDIS Intermediate Filter Miniport [14.2.0.0]
McAfee : McAfee Core NDIS Intermediate Filter Miniport [14.2.0.0]
McAfee : McAfee Core NDIS Intermediate Filter Miniport [14.2.0.0]
McAfee : McAfee Core NDIS Intermediate Filter Miniport [14.2.0.0]
McAfee : McAfee Core NDIS Intermediate Filter Miniport [14.2.0.0]
McAfee : McAfee Core NDIS Intermediate Filter Miniport [14.2.0.0]
Microsoft : Bluetooth Device (RFCOMM Protocol TDI) [5.1.2600.5512]
Microsoft : Bluetooth Device (RFCOMM Protocol TDI) [5.1.2600.5512]
Microsoft : Bluetooth デバイス (パーソナル エリア ネットワーク) [5.1.2535.0]
Microsoft : Bluetooth デバイス (パーソナル エリア ネットワーク) [5.1.2535.0]
Microsoft : Bluetooth デバイス (パーソナル エリア ネットワーク) [5.1.2535.0]
Friendly Technologies : PPPoEWin Miniport [4.0.0.0]
Friendly Technologies : PPPoEWin Miniport [4.0.0.0]
Friendly Technologies : PPPoEWin Miniport [4.0.0.0]
Logitec Corporation : Logitec LAN-W150N/U2 Wireless LAN Adapter [1.4.9.0]
Logitec Corporation : Logitec LAN-W150N/U2 Wireless LAN Adapter [1.4.9.0]
Logitec Corporation : Logitec LAN-W150N/U2 Wireless LAN Adapter [1.4.9.0]
Logitec Corporation : Logitec LAN-W150N/U2 Wireless LAN Adapter [1.4.9.0]
Logitec Corporation : Logitec LAN-W150N/U2 Wireless LAN Adapter [1.4.9.0]
Logitec Corporation : Logitec LAN-W150N/U2 Wireless LAN Adapter [1.4.9.0]
Logitec Corporation : Logitec LAN-W150N/U2 Wireless LAN Adapter [1.4.9.0]
McAfee : McAfee Core NDIS Intermediate Filter Miniport [14.2.0.0]
McAfee : McAfee Core NDIS Intermediate Filter Miniport [14.2.0.0]
McAfee : McAfee Core NDIS Intermediate Filter Miniport [14.2.0.0]
Microsoft : パケット スケジューラ ミニポート [5.1.2535.0]
Microsoft : パケット スケジューラ ミニポート [5.1.2535.0]
Microsoft : 通信ポート [5.1.2600.0]
Microsoft : ECP プリンタ ポート [5.1.2600.0]
MITSUBISHI ELECTRIC CORP. : FOMA D903i OBEX Port [1.0.0.0]
MITSUBISHI ELECTRIC CORP. : FOMA D903i Command Port [1.0.0.0]
EPSON : EPSON PM-D870 [6.1.0.0]
JMicron Technology Corp. : JMicron JMB36X RAID Controller [1.9.4.0]
Microsoft : コンソールのための全画面ビデオ ドライバ [5.1.2535.0]
Microsoft : ボリューム マネージャ [5.1.2600.2180]
Microsoft : プラグ アンド プレイ ソフトウェア デバイス列挙子 [5.1.2600.2180]
Microsoft : Microcode Update Device [5.1.2600.2180]
Microsoft : Microsoft System Management BIOS Driver [5.1.2600.2180]
Microsoft : 論理ディスク マネージャ [5.1.2600.2180]
Microsoft : Microsoft ACPI-Compliant System [5.1.2535.0]
Microsoft : ACPI 電源ボタン [5.1.2600.2180]
Microsoft : ACPI ファン
Microsoft : ACPI スリープ ボタン [5.1.2600.2180]
Microsoft : ACPI 温度管理ゾーン [5.1.2600.2180]
Microsoft : ACPI Fixed Feature ボタン [5.1.2600.2180]
Microsoft : システム ボード [5.1.2600.2180]
Microsoft : PCI バス
Microsoft : システム スピーカー [5.1.2600.2180]
VIA Technologies, Inc. : VIA PCI to PCI Bridge Controller [5.1.0.270]
Microsoft : VIA CPU to AGP Controller [5.1.2535.0]
VIA Technologies, Inc. : VIA PCI to PCI Bridge Controller [5.1.0.270]
VIA Technologies, Inc. : VIA Standard Host Bridge [5.1.0.270]
VIA Technologies, Inc. : VIA Security Device [5.1.0.270]
VIA Technologies, Inc. : VIA Standard Host Bridge [5.1.0.270]
VIA Technologies, Inc. : VIA Standard Host Bridge [5.1.0.270]
VIA Technologies, Inc. : VIA Standard PCI to ISA Bridge [5.1.0.270]
VIA Technologies, Inc. : VIA Standard Host Bridge [5.1.0.270]
Microsoft : システム CMOS/リアル タイム クロック [5.1.2600.2180]
VIA Technologies, Inc. : VIA Ultra VLINK Controller [5.1.0.270]
VIA Technologies, Inc. : VIA Standard Host Bridge [5.1.0.270]
VIA Technologies, Inc. : VIA Standard Host Bridge [5.1.0.270]
VIA Technologies, Inc. : VIA Standard Host Bridge [5.1.0.270]
Microsoft : マザーボード リソース [5.1.2600.2180]
Microsoft : マザーボード リソース [5.1.2600.2180]
Microsoft : マザーボード リソース [5.1.2600.2180]
Microsoft : DMA コントローラ [5.1.2600.2180]
Microsoft : システム タイマ [5.1.2600.2180]
Microsoft : プログラム可能割り込みコントローラ [5.1.2600.2180]
Microsoft : 数値データ プロセッサ [5.1.2600.2180]
Microsoft : マザーボード リソース [5.1.2600.2180]
Microsoft : ISAPNP 読み取りデータ ポート [5.1.2600.2180]
Microsoft : Printer Port Logical Interface [5.1.2600.2180]
Microsoft : ターミナル サーバー デバイス リダイレクタ [5.1.2600.2180]
Microsoft : ターミナル サーバー マウス ドライバ [5.1.2600.2180]
Microsoft : ターミナル サーバー キーボード ドライバ [5.1.2600.2180]
VIA Technologies, Inc. : VIA I/O APIC Interrupt Controller [5.1.0.270]
Microsoft : Microsoft UAA バス ドライバ (High Definition Audio 用) [5.10.0.5010]
Microsoft : Microsoft UAA バス ドライバ (High Definition Audio 用) [5.10.0.5010]
ATK : ATK0110 ACPI UTILITY [1043.2.15.37]
Microsoft : PCI バス
Microsoft : マザーボード リソース [5.1.2600.2180]
Microsoft : Microsoft UAA バス ドライバ (High Definition Audio 用) [5.10.0.5010]
Microsoft : Microsoft UAA バス ドライバ (High Definition Audio 用) [5.10.0.5010]
VIA Technologies, Inc. : VIA Standard PCI to PCI Bridge [5.1.0.270]
Microsoft : 拡張 IO バス
DT Soft Ltd : DAEMON Tools Virtual Bus [4.41.3.256]
Microsoft : フロッピー ディスク ドライブ [5.1.2600.0]
Microsoft : USB フロッピー ディスク ドライブ [5.1.2600.0]
Microsoft : USB フロッピー ディスク ドライブ [5.1.2600.0]
Microsoft : USB フロッピー ディスク ドライブ [5.1.2600.0]
Microsoft : USB フロッピー ディスク ドライブ [5.1.2600.0]
Microsoft : Intel Processor [5.1.2600.0]
Microsoft : Intel Processor [5.1.2600.0]
Microsoft : Apple iPhone [5.1.2600.0]
Microsoft : Apple iPhone [5.1.2600.0]
Microsoft : Apple iPhone [5.1.2600.0]
Microsoft : 汎用ボリューム [5.1.2600.0]
Microsoft : 汎用ボリューム [5.1.2600.0]
Microsoft : 汎用ボリューム [5.1.2600.0]
Microsoft : 汎用ボリューム [5.1.2600.0]
Microsoft : 汎用ボリューム [5.1.2600.0]
Microsoft : 汎用ボリューム [5.1.2600.0]
Microsoft : 汎用ボリューム [5.1.2600.0]
Microsoft : 汎用ボリューム [5.1.2600.0]
Microsoft : 汎用ボリューム [5.1.2600.0]
Microsoft : 汎用ボリューム [5.1.2600.0]
Microsoft : 汎用ボリューム [5.1.2600.0]
Microsoft : 汎用ボリューム [5.1.2600.0]
Microsoft : 汎用ボリューム [5.1.2600.0]
Microsoft : 汎用ボリューム [5.1.2600.0]
Microsoft : 汎用ボリューム [5.1.2600.0]
Microsoft : 汎用ボリューム [5.1.2600.0]
Microsoft : 汎用ボリューム [5.1.2600.0]
Microsoft : 汎用ボリューム [5.1.2600.0]
Microsoft : 汎用ボリューム [5.1.2600.0]
Microsoft : 汎用ボリューム [5.1.2600.0]
Microsoft : 汎用ボリューム [5.1.2600.0]
Microsoft : 汎用ボリューム [5.1.2600.0]
Microsoft : 汎用ボリューム [5.1.2600.0]
Microsoft : 汎用ボリューム [5.1.2600.0]
Microsoft : 汎用ボリューム [5.1.2600.0]
Microsoft : 汎用ボリューム [5.1.2600.0]
Microsoft : 汎用ボリューム [5.1.2600.0]
Microsoft : 汎用ボリューム [5.1.2600.0]
Microsoft : 汎用ボリューム [5.1.2600.0]
Microsoft : 汎用ボリューム [5.1.2600.0]
Microsoft : 汎用ボリューム [5.1.2600.0]
Microsoft : 汎用ボリューム [5.1.2600.0]
Microsoft : 汎用ボリューム [5.1.2600.0]
Microsoft : 汎用ボリューム [5.1.2600.0]
Microsoft : 汎用ボリューム [5.1.2600.0]
Microsoft : 汎用ボリューム [5.1.2600.0]
Microsoft : 汎用ボリューム [5.1.2600.0]
Microsoft : 汎用ボリューム [5.1.2600.0]
Microsoft : 汎用ボリューム [5.1.2600.0]
Microsoft : 汎用ボリューム [5.1.2600.0]
Microsoft : 汎用ボリューム [5.1.2600.0]
Microsoft : 汎用ボリューム [5.1.2600.0]
Microsoft : 汎用ボリューム [5.1.2600.0]
Microsoft : 汎用ボリューム [5.1.2600.0]
Microsoft : 汎用ボリューム [5.1.2600.0]
Microsoft : 汎用ボリューム [5.1.2600.0]
Microsoft : USB ヒューマン インターフェイス デバイス [5.1.2535.0]
Microsoft : Microsoft USB IntelliMouse Explorer [5.1.2600.5512]
Microsoft : Microsoft USB IntelliMouse Explorer [5.1.2600.5512]
Microsoft : Microsoft USB IntelliMouse Explorer [5.1.2600.5512]
Microsoft : Microsoft USB IntelliMouse Explorer [5.1.2600.5512]
Microsoft : Microsoft USB IntelliMouse Explorer [5.1.2600.5512]
Microsoft : USB ヒューマン インターフェイス デバイス [5.1.2600.5512]
Microsoft : USB ヒューマン インターフェイス デバイス [5.1.2600.5512]
Microsoft : HID 準拠コンシューマ制御デバイス [5.1.2600.5512]
Microsoft : HID 準拠デバイス [5.1.2600.5512]
Microsoft : HID 準拠デバイス [5.1.2600.5512]
Microsoft : USB ヒューマン インターフェイス デバイス [5.1.2600.5512]
Microsoft : USB ヒューマン インターフェイス デバイス [5.1.2600.5512]
Microsoft : HID 準拠コンシューマ制御デバイス [5.1.2600.5512]
Microsoft : HID 準拠デバイス [5.1.2600.5512]
Microsoft : HID 準拠デバイス [5.1.2600.5512]
Microsoft : USB ヒューマン インターフェイス デバイス [5.1.2600.5512]
Microsoft : USB ヒューマン インターフェイス デバイス [5.1.2600.5512]
Microsoft : HID 準拠コンシューマ制御デバイス [5.1.2600.5512]
Microsoft : HID 準拠デバイス [5.1.2600.5512]
Microsoft : HID 準拠デバイス [5.1.2600.5512]
Microsoft : USB ヒューマン インターフェイス デバイス [5.1.2600.5512]
Microsoft : USB ヒューマン インターフェイス デバイス [5.1.2600.5512]
Microsoft : USB ヒューマン インターフェイス デバイス [5.1.2600.5512]
Microsoft : HID 準拠デバイス [5.1.2600.5512]
Microsoft :  [5.1.2600.5512]
Microsoft : USB ヒューマン インターフェイス デバイス [5.1.2600.5512]
Microsoft : USB ヒューマン インターフェイス デバイス [5.1.2600.5512]
Microsoft : USB ヒューマン インターフェイス デバイス [5.1.2600.5512]
Microsoft : USB ヒューマン インターフェイス デバイス [5.1.2600.5512]
Microsoft : USB ヒューマン インターフェイス デバイス [5.1.2600.5512]
Microsoft : HID 準拠コンシューマ制御デバイス [5.1.2600.5512]
Microsoft : HID 準拠デバイス [5.1.2600.5512]
Microsoft : HID 準拠デバイス [5.1.2600.5512]
Microsoft : USB ヒューマン インターフェイス デバイス [5.1.2600.5512]
Microsoft : USB ヒューマン インターフェイス デバイス [5.1.2600.5512]
Microsoft : USB ヒューマン インターフェイス デバイス [5.1.2600.5512]
Microsoft : HID 準拠コンシューマ制御デバイス [5.1.2600.5512]
Microsoft : HID 準拠デバイス [5.1.2600.5512]
Microsoft : HID 準拠デバイス [5.1.2600.5512]
Microsoft : HID 準拠デバイス [5.1.2600.5512]
Microsoft : HID 準拠デバイス [5.1.2600.5512]
Microsoft : HID 準拠デバイス [5.1.2600.5512]
Microsoft : USB ヒューマン インターフェイス デバイス [5.1.2600.5512]
Microsoft : USB ヒューマン インターフェイス デバイス [5.1.2600.5512]
Microsoft : HID 準拠コンシューマ制御デバイス [5.1.2600.5512]
Microsoft : HID 準拠デバイス [5.1.2600.5512]
Microsoft : HID 準拠デバイス [5.1.2600.5512]
Microsoft : USB ヒューマン インターフェイス デバイス [5.1.2600.5512]
Microsoft : USB ヒューマン インターフェイス デバイス [5.1.2600.5512]
Microsoft : USB ヒューマン インターフェイス デバイス [5.1.2600.5512]
Microsoft : HID 準拠コンシューマ制御デバイス [5.1.2600.5512]
Microsoft : HID 準拠デバイス [5.1.2600.5512]
Microsoft : HID 準拠デバイス [5.1.2600.5512]
Microsoft : HID 準拠デバイス [5.1.2600.5512]
Microsoft : HID 準拠デバイス [5.1.2600.5512]
Microsoft : HID 準拠デバイス [5.1.2600.5512]
Microsoft : USB ヒューマン インターフェイス デバイス [5.1.2600.5512]
Microsoft : USB ヒューマン インターフェイス デバイス [5.1.2600.5512]
Microsoft : USB ヒューマン インターフェイス デバイス [5.1.2600.5512]
Microsoft : HID 準拠コンシューマ制御デバイス [5.1.2600.5512]
Microsoft : HID 準拠デバイス [5.1.2600.5512]
Microsoft : HID 準拠デバイス [5.1.2600.5512]
Microsoft : HID 準拠デバイス [5.1.2600.5512]
Microsoft : HID 準拠デバイス [5.1.2600.5512]
Microsoft : HID 準拠デバイス [5.1.2600.5512]
IVT : Bluetooth HID Manager [6.0.12.56]
IVT Corporation : Bluetooth HID Enum Device [6.0.12.56]
Microsoft : Microsoft Bluetooth Enumerator [5.1.2600.5512]
Microsoft : MTP Device
 
変更可能な画面モード
     640× 480 256色
     640× 480 High Color
     640× 480 True Color(32bit)
     640× 480 256色
     720× 480 256色
     720× 576 256色
     800× 600 256色
     800× 600 256色
     800× 600 256色
     800× 600 256色
     848× 480 256色
     848× 480 256色
     848× 480 256色
     848× 480 256色
     960× 600 256色
     960× 600 256色
     960× 600 256色
     960× 600 256色
    1024× 768 256色
    1024× 768 256色
    1024× 768 256色
    1024× 768 256色
    1152× 864 256色
    1152× 864 256色
    1152× 864 256色
    1152× 864 256色
    1280× 720 256色
    1280× 720 256色
    1280× 720 256色
    1280× 720 256色
    1280× 768 256色
    1280× 768 256色
    1280× 768 256色
    1280× 768 256色
    1280× 800 256色
    1280× 800 256色
    1280× 800 256色
    1280× 800 256色
    1280× 960 256色
    1280× 960 256色
    1280× 960 256色
    1280× 960 256色
    1280×1024 256色
    1280×1024 256色
    1280×1024 256色
    1280×1024 256色
    1360× 768 256色
    1360× 768 256色
    1360× 768 256色
    1360× 768 256色
    1440× 900 256色
    1440× 900 256色
    1440× 900 256色
    1440× 900 256色
    1600× 900 256色
    1680×1050 256色
     640× 480 256色
     640× 480 High Color
     640× 480 High Color
     640× 480 High Color
     720× 480 High Color
     720× 576 High Color
     800× 600 High Color
     800× 600 High Color
     800× 600 High Color
     800× 600 High Color
     848× 480 High Color
     848× 480 High Color
     848× 480 High Color
     848× 480 High Color
     960× 600 High Color
     960× 600 High Color
     960× 600 High Color
     960× 600 High Color
    1024× 768 High Color
    1024× 768 High Color
    1024× 768 High Color
    1024× 768 High Color
    1152× 864 High Color
    1152× 864 High Color
    1152× 864 High Color
    1152× 864 High Color
    1280× 720 High Color
    1280× 720 High Color
    1280× 720 High Color
    1280× 720 High Color
    1280× 768 High Color
    1280× 768 High Color
    1280× 768 High Color
    1280× 768 High Color
    1280× 800 High Color
    1280× 800 High Color
    1280× 800 High Color
    1280× 800 High Color
    1280× 960 High Color
    1280× 960 High Color
    1280× 960 High Color
    1280× 960 High Color
    1280×1024 High Color
    1280×1024 High Color
    1280×1024 High Color
    1280×1024 High Color
    1360× 768 High Color
    1360× 768 High Color
    1360× 768 High Color
    1360× 768 High Color
    1440× 900 High Color
    1440× 900 High Color
    1440× 900 High Color
    1440× 900 High Color
    1600× 900 High Color
    1680×1050 High Color
     640× 480 256色
     640× 480 True Color(32bit)
     640× 480 True Color(32bit)
     640× 480 True Color(32bit)
     720× 480 True Color(32bit)
     720× 576 True Color(32bit)
     800× 600 True Color(32bit)
     800× 600 True Color(32bit)
     800× 600 True Color(32bit)
     800× 600 True Color(32bit)
     848× 480 True Color(32bit)
     848× 480 True Color(32bit)
     848× 480 True Color(32bit)
     848× 480 True Color(32bit)
     960× 600 True Color(32bit)
     960× 600 True Color(32bit)
     960× 600 True Color(32bit)
     960× 600 True Color(32bit)
    1024× 768 True Color(32bit)
    1024× 768 True Color(32bit)
    1024× 768 True Color(32bit)
    1024× 768 True Color(32bit)
    1152× 864 True Color(32bit)
    1152× 864 True Color(32bit)
    1152× 864 True Color(32bit)
    1152× 864 True Color(32bit)
    1280× 720 True Color(32bit)
    1280× 720 True Color(32bit)
    1280× 720 True Color(32bit)
    1280× 720 True Color(32bit)
    1280× 768 True Color(32bit)
    1280× 768 True Color(32bit)
    1280× 768 True Color(32bit)
    1280× 768 True Color(32bit)
    1280× 800 True Color(32bit)
    1280× 800 True Color(32bit)
    1280× 800 True Color(32bit)
    1280× 800 True Color(32bit)
    1280× 960 True Color(32bit)
    1280× 960 True Color(32bit)
    1280× 960 True Color(32bit)
    1280× 960 True Color(32bit)
    1280×1024 True Color(32bit)
    1280×1024 True Color(32bit)
    1280×1024 True Color(32bit)
    1280×1024 True Color(32bit)
    1360× 768 True Color(32bit)
    1360× 768 True Color(32bit)
    1360× 768 True Color(32bit)
    1360× 768 True Color(32bit)
    1440× 900 True Color(32bit)
    1440× 900 True Color(32bit)
    1440× 900 True Color(32bit)
    1440× 900 True Color(32bit)
    1600× 900 True Color(32bit)
    1680×1050 True Color(32bit)
    1152× 720 256色
    1920×1080 256色
    1152× 720 High Color
    1920×1080 High Color
    1152× 720 True Color(32bit)
☆  1920×1080 True Color(32bit)
     640× 480  16色
     800× 600  16色
 
 SHELL32.DLL : Version 6.0.2900.6072 
 COMCTL32.DLL : Version 5.82.2900.6028 
 DDRAW.DLL : Version 5.3.2600.5512 
 DSOUND.DLL : Version 5.3.2600.5512 
KDVDDSND.DLL : Versionが取得できませんでした
 KOEILW.DLL : Version 1.1.0.1 
 NOBU9.EXE : Version 1.3.5.0 
FIND_Cleanup
IID_IGraphBuilder ... OK
IID_IBaseFilter ... OK
IID_IDDrawExclModeVideo ... OK
>GetCaps VIDEO MEM : 253222912
プライマリ ディスプレイ ドライバ display :
> 640x480x8 
プライマリ ディスプレイ ドライバ display :
> 720x480x8 
プライマリ ディスプレイ ドライバ display :
> 720x576x8 
プライマリ ディスプレイ ドライバ display :
> 800x600x8 
プライマリ ディスプレイ ドライバ display :
> 848x480x8 
プライマリ ディスプレイ ドライバ display :
> 960x600x8 
プライマリ ディスプレイ ドライバ display :
> 1024x768x8 
プライマリ ディスプレイ ドライバ display :
> 1152x864x8 
プライマリ ディスプレイ ドライバ display :
> 1280x720x8 
プライマリ ディスプレイ ドライバ display :
> 1280x768x8 
プライマリ ディスプレイ ドライバ display :
> 1280x800x8 
プライマリ ディスプレイ ドライバ display :
> 1280x960x8 
プライマリ ディスプレイ ドライバ display :
> 1280x1024x8 
プライマリ ディスプレイ ドライバ display :
> 1360x768x8 
プライマリ ディスプレイ ドライバ display :
> 1440x900x8 
プライマリ ディスプレイ ドライバ display :
> 1600x900x8 
プライマリ ディスプレイ ドライバ display :
> 1680x1050x8 
プライマリ ディスプレイ ドライバ display :
> 1152x720x8 
プライマリ ディスプレイ ドライバ display :
> 1920x1080x8 
-2147467259:プライマリ ディスプレイ ドライバ display 1920x1080x8 

SetDisplayMode(640,480,32) ...OK
CreateSurface .. OK
GetAttachedSurface .. OK
CPlayMovie::Play
CPlayMovie::Initialize OK
CPlayMovie::PlaySub OK
MOVIE Notify 0x00000009 0x00000000 0x00000000
MOVIE Notify 0x0000000A 0x00F00140 0x00000000
MOVIE Notify 0x0000000D 0x00000000 0x00000000
MOVIE Notify 0x0000000E 0x00000000 0x00000000
CPlayMovie::PlaySub ...End
m_pimc->Stop ...OK
m_pivw->put_MessageDrain ...OK
m_pivw ...OK
m_pif ...OK
m_pigb ...OK
m_pimc ...OK
m_pimex ...OK
Release ...OK
CPlayMovie::Release OK
SetDisplayMode(1024,768,8) ...OK
CreateSurface .. OK
GetAttachedSurface .. OK
起動しました。
sndmgrStopBGM() OK!!
sndmgrStopSE() OK!!
DeleteContents() OK!!
FadeOut() OK!!
FadeIn() OK!!
